#
# A fatal error has been detected by the Java Runtime Environment:
#
#  SIGSEGV (0xb) at pc=0x000000010a71c2bb, pid=18776, tid=40195
#
# JRE version: OpenJDK Runtime Environment (11.0.10) (build 11.0.10+0-b96-7281165)
# Java VM: OpenJDK 64-Bit Server VM (11.0.10+0-b96-7281165, mixed mode, tiered, compressed oops, g1 gc, bsd-amd64)
# Problematic frame:
# V  [libjvm.dylib+0x71c2bb]  SymbolTable::buckets_unlink(int, int, BasicHashtable<(MemoryType)9>::BucketUnlinkContext*)+0x49
#
# No core dump will be written. Core dumps have been disabled. To enable core dumping, try "ulimit -c unlimited" before starting Java again
#
# If you would like to submit a bug report, please visit:
#   https://bugreport.java.com/bugreport/crash.jsp
#

---------------  S U M M A R Y ------------

Command Line: --add-opens=java.base/java.util=ALL-UNNAMED --add-opens=java.base/java.lang=ALL-UNNAMED --add-opens=java.base/java.lang.invoke=ALL-UNNAMED --add-opens=java.base/java.util=ALL-UNNAMED --add-opens=java.prefs/java.util.prefs=ALL-UNNAMED --add-opens=java.prefs/java.util.prefs=ALL-UNNAMED --add-opens=java.base/java.nio.charset=ALL-UNNAMED --add-opens=java.base/java.net=ALL-UNNAMED --add-opens=java.base/java.util.concurrent.atomic=ALL-UNNAMED -Xmx2048m -Dfile.encoding=UTF-8 -Duser.country=SA -Duser.language=en -Duser.variant org.gradle.launcher.daemon.bootstrap.GradleDaemon 7.0.2

Host: MacBookPro13,3 x86_64 2900 MHz, 8 cores, 16G, Darwin 18.7.0
Time: Sat Jan 15 18:28:56 2022 EET elapsed time: 2.357402 seconds (0d 0h 0m 2s)

---------------  T H R E A D  ---------------

Current thread (0x00007f9222aec000):  GCTaskThread "GC Thread#2" [stack: 0x00007000055fd000,0x00007000056fd000] [id=40195]

Stack: [0x00007000055fd000,0x00007000056fd000],  sp=0x00007000056fcd70,  free space=1023k
Native frames: (J=compiled Java code, A=aot compiled Java code, j=interpreted, Vv=VM code, C=native code)
V  [libjvm.dylib+0x71c2bb]  SymbolTable::buckets_unlink(int, int, BasicHashtable<(MemoryType)9>::BucketUnlinkContext*)+0x49
V  [libjvm.dylib+0x71c3d1]  SymbolTable::possibly_parallel_unlink(int*, int*)+0x59
V  [libjvm.dylib+0x300184]  G1StringAndSymbolCleaningTask::work(unsigned int)+0x74
V  [libjvm.dylib+0x2ffde2]  G1ParallelCleaningTask::work(unsigned int)+0x38
V  [libjvm.dylib+0x7b471d]  GangWorker::loop()+0x43
V  [libjvm.dylib+0x7462b0]  Thread::call_run()+0x68
V  [libjvm.dylib+0x5fc9b9]  thread_native_entry(Thread*)+0x12d
C  [libsystem_pthread.dylib+0x32eb]  _pthread_body+0x7e
C  [libsystem_pthread.dylib+0x6249]  _pthread_start+0x42
C  [libsystem_pthread.dylib+0x240d]  thread_start+0xd


siginfo: si_signo: 11 (SIGSEGV), si_code: 1 (SEGV_MAPERR), si_addr: 0x00000021153387c2

Register to memory mapping:

RAX=0x00000001152f7000 points into unknown readable memory: 0x00007f922582a018 | 18 a0 82 25 92 7f 00 00
RBX=0x00007f922300cd30 points into unknown readable memory: 0x00ec0200dc17ddf4 | f4 dd 17 dc 00 02 ec 00
RCX=0x0 is NULL
RDX=0x00007000056fcdb0 points into unknown readable memory: 0x00000001000003e9 | e9 03 00 00 01 00 00 00
RSP=0x00007000056fcd70 points into unknown readable memory: 0x00000001152f7000 | 00 70 2f 15 01 00 00 00
RBP=0x00007000056fcda0 points into unknown readable memory: 0x00007000056fcdf0 | f0 cd 6f 05 00 70 00 00
RSI=0x0000000000000760 is an unknown value
RDI=0x00000021153387c0 is an unknown value
R8 =0x0000000000000001 is an unknown value
R9 =0x00007f9223863880 points into unknown readable memory: 0x100007f9223844fa | fa 44 38 22 f9 07 00 10
R10=0x0000000000000002 is an unknown value
R11=0x0000000000000002 is an unknown value
R12=0x000000000000075a is an unknown value
R13=0x00007f92259bfb50 points into unknown readable memory: 0x00007f922300cd30 | 30 cd 00 23 92 7f 00 00
R14=0x0000000000000760 is an unknown value
R15=0x00007000056fcdb0 points into unknown readable memory: 0x00000001000003e9 | e9 03 00 00 01 00 00 00


Registers:
RAX=0x00000001152f7000, RBX=0x00007f922300cd30, RCX=0x0000000000000000, RDX=0x00007000056fcdb0
RSP=0x00007000056fcd70, RBP=0x00007000056fcda0, RSI=0x0000000000000760, RDI=0x00000021153387c0
R8 =0x0000000000000001, R9 =0x00007f9223863880, R10=0x0000000000000002, R11=0x0000000000000002
R12=0x000000000000075a, R13=0x00007f92259bfb50, R14=0x0000000000000760, R15=0x00007000056fcdb0
RIP=0x000000010a71c2bb, EFLAGS=0x0000000000010202, ERR=0x0000000000000004
  TRAPNO=0x000000000000000e

Top of Stack: (sp=0x00007000056fcd70)
0x00007000056fcd70:   00000001152f7000 0000000000004e2b
0x00007000056fcd80:   00007000056fcdb0 000000010a9a1e68
0x00007000056fcd90:   00007000056fce0c 00007000056fce08
0x00007000056fcda0:   00007000056fcdf0 000000010a71c3d1
0x00007000056fcdb0:   00000001000003e9 00007f922465b300
0x00007000056fcdc0:   00007f922465b300 00007000049d5418
0x00007000056fcdd0:   00007000056fce0c 0000000000000000
0x00007000056fcde0:   0000000000000001 00007000056fce08
0x00007000056fcdf0:   00007000056fce30 000000010a300184
0x00007000056fce00:   0000000000000640 0000000000000000
0x00007000056fce10:   00007000049d5400 00007000049d5400
0x00007000056fce20:   0000000000000001 00007000049d5498
0x00007000056fce30:   00007000056fce60 000000010a2ffde2
0x00007000056fce40:   00007000049d5400 0000000000000001
0x00007000056fce50:   00007000056fce78 00007f9222aec000
0x00007000056fce60:   00007000056fcea0 000000010a7b471d
0x00007000056fce70:   00007f9222aec000 00007f92ffffffff
0x00007000056fce80:   00007f9222aec000 00007f9221570d40
0x00007000056fce90:   00007f9222aec000 0000000000269b64
0x00007000056fcea0:   00007000056fcec0 000000010a7462b0
0x00007000056fceb0:   0000000000000000 00007f9221570cd0
0x00007000056fcec0:   00007000056fcf10 000000010a5fc9b9
0x00007000056fced0:   0000000000269b64 00007000056fd0e0
0x00007000056fcee0:   00007000056fd180 0000000600000000
0x00007000056fcef0:   00007000056fd000 0000000000000000
0x00007000056fcf00:   0000000000000000 0000000000000000
0x00007000056fcf10:   00007000056fcf30 00007fff6f83b2eb
0x00007000056fcf20:   0000000000000000 00007000056fd000
0x00007000056fcf30:   00007000056fcf50 00007fff6f83e249
0x00007000056fcf40:   0000000000000000 0000000000000000
0x00007000056fcf50:   00007000056fcf78 00007fff6f83a40d
0x00007000056fcf60:   0000000000000000 0000000000000000 

Instructions: (pc=0x000000010a71c2bb)
0x000000010a71c1bb:   10 49 8b 04 24 4c 89 e7 ff 10 48 8b 5b 08 48 83
0x000000010a71c1cb:   e3 fe 75 e9 49 ff c7 4d 39 f7 74 09 48 8b 05 42
0x000000010a71c1db:   5c 28 00 eb cb 5b 41 5c 41 5e 41 5f 5d c3 90 55
0x000000010a71c1eb:   48 89 e5 41 57 41 56 41 55 41 54 53 48 83 ec 18
0x000000010a71c1fb:   48 8b 05 1e 5c 28 00 8b 08 48 89 4d d0 85 c9 7e
0x000000010a71c20b:   56 48 89 fb 45 31 e4 4c 8d 2d 57 67 20 00 4c 8d
0x000000010a71c21b:   75 c0 48 8b 40 08 4e 8b 3c e0 4d 85 ff 74 26 49
0x000000010a71c22b:   8d 47 10 4c 89 6d c0 48 89 45 c8 48 89 df 4c 89
0x000000010a71c23b:   f6 ba 02 00 00 00 e8 60 2b e9 ff 4d 8b 7f 08 49
0x000000010a71c24b:   83 e7 fe 75 da 49 ff c4 4c 3b 65 d0 74 09 48 8b
0x000000010a71c25b:   05 c0 5b 28 00 eb bb 48 83 c4 18 5b 41 5c 41 5d
0x000000010a71c26b:   41 5e 41 5f 5d c3 90 55 48 89 e5 41 57 41 56 41
0x000000010a71c27b:   55 41 54 53 50 39 f7 7d 7a 49 89 d7 41 89 f6 4c
0x000000010a71c28b:   63 e7 48 8b 05 8c 5b 28 00 48 8b 40 08 4a 8b 1c
0x000000010a71c29b:   e0 48 85 db 74 55 4e 8d 2c e0 f6 43 08 01 74 09
0x000000010a71c2ab:   83 3d ee f4 24 00 00 74 42 48 8b 7b 10 41 ff 07
0x000000010a71c2bb:   66 83 7f 02 00 74 09 48 83 c3 08 49 89 dd eb 21
0x000000010a71c2cb:   48 85 ff 74 05 e8 41 f2 ff ff 48 8b 43 08 48 83
0x000000010a71c2db:   e0 fe 49 89 45 00 4c 89 ff 48 89 de e8 90 13 c5
0x000000010a71c2eb:   ff 49 8b 5d 00 48 83 e3 fe 75 af 49 ff c4 45 39
0x000000010a71c2fb:   f4 75 8f 48 83 c4 08 5b 41 5c 41 5d 41 5e 41 5f
0x000000010a71c30b:   5d c3 90 55 48 89 e5 41 57 41 56 53 48 83 ec 18
0x000000010a71c31b:   49 89 f6 49 89 ff 0f 57 c0 48 8d 5d d0 0f 29 03
0x000000010a71c32b:   48 c7 43 10 00 00 00 00 48 8b 05 e6 5a 28 00 8b
0x000000010a71c33b:   30 31 ff 48 89 da e8 2c ff ff ff 48 8b 3d d3 5a
0x000000010a71c34b:   28 00 48 89 de e8 47 13 c5 ff 8b 03 41 89 07 8b
0x000000010a71c35b:   4b 04 41 89 0e 89 0d fa 5a 28 00 89 05 f8 5a 28
0x000000010a71c36b:   00 48 83 c4 18 5b 41 5e 41 5f 5d c3 90 55 48 89
0x000000010a71c37b:   e5 41 57 41 56 41 55 41 54 53 48 83 ec 18 49 89
0x000000010a71c38b:   f6 49 89 ff 48 8b 05 8a 5a 28 00 8b 18 0f 57 c0
0x000000010a71c39b:   0f 29 45 c0 48 c7 45 d0 00 00 00 00 4c 8d 2d ba
0x000000010a71c3ab:   5a 28 00 bf 20 00 00 00 f0 41 0f c1 7d 00 39 df 


Stack slot to memory mapping:
stack at sp + 0 slots: 0x00000001152f7000 points into unknown readable memory: 0x00007f922582a018 | 18 a0 82 25 92 7f 00 00
stack at sp + 1 slots: 0x0000000000004e2b is an unknown value
stack at sp + 2 slots: 0x00007000056fcdb0 points into unknown readable memory: 0x00000001000003e9 | e9 03 00 00 01 00 00 00
stack at sp + 3 slots: 0x000000010a9a1e68: _ZN11SymbolTable21_parallel_claimed_idxE+0 in /Applications/Android Studio.app/Contents/jre/Contents/Home/lib/server/libjvm.dylib at 0x000000010a000000
stack at sp + 4 slots: 0x00007000056fce0c points into unknown readable memory: 00 00 00 00
stack at sp + 5 slots: 0x00007000056fce08 points into unknown readable memory: 0x0000000000000000 | 00 00 00 00 00 00 00 00
stack at sp + 6 slots: 0x00007000056fcdf0 points into unknown readable memory: 0x00007000056fce30 | 30 ce 6f 05 00 70 00 00
stack at sp + 7 slots: 0x000000010a71c3d1: _ZN11SymbolTable24possibly_parallel_unlinkEPiS0_+0x59 in /Applications/Android Studio.app/Contents/jre/Contents/Home/lib/server/libjvm.dylib at 0x000000010a000000


---------------  P R O C E S S  ---------------

Threads class SMR info:
_java_thread_list=0x00007f92217a90f0, length=22, elements={
0x00007f9224002000, 0x00007f9223017000, 0x00007f922301a000, 0x00007f9222874800,
0x00007f922187e000, 0x00007f922187f000, 0x00007f9224000800, 0x00007f922402e800,
0x00007f922401f000, 0x00007f9222895000, 0x00007f922420b800, 0x00007f92259dd800,
0x00007f9225456800, 0x00007f9222cb0800, 0x00007f92252b0000, 0x00007f9223459800,
0x00007f9225413000, 0x00007f9223175000, 0x00007f9222e09000, 0x00007f92232b0000,
0x00007f9221f2b800, 0x00007f922362f800
}

Java Threads: ( => current thread )
  0x00007f9224002000 JavaThread "main" [_thread_blocked, id=6659, stack(0x00007000042c4000,0x00007000043c4000)]
  0x00007f9223017000 JavaThread "Reference Handler" daemon [_thread_blocked, id=18435, stack(0x00007000049d9000,0x0000700004ad9000)]
  0x00007f922301a000 JavaThread "Finalizer" daemon [_thread_blocked, id=17923, stack(0x0000700004adc000,0x0000700004bdc000)]
  0x00007f9222874800 JavaThread "Signal Dispatcher" daemon [_thread_blocked, id=16643, stack(0x0000700004bdf000,0x0000700004cdf000)]
  0x00007f922187e000 JavaThread "Service Thread" daemon [_thread_blocked, id=22019, stack(0x0000700004ce2000,0x0000700004de2000)]
  0x00007f922187f000 JavaThread "C2 CompilerThread0" daemon [_thread_blocked, id=43011, stack(0x0000700004de5000,0x0000700004ee5000)]
  0x00007f9224000800 JavaThread "C1 CompilerThread0" daemon [_thread_blocked, id=23043, stack(0x0000700004ee8000,0x0000700004fe8000)]
  0x00007f922402e800 JavaThread "Sweeper thread" daemon [_thread_blocked, id=23555, stack(0x0000700004feb000,0x00007000050eb000)]
  0x00007f922401f000 JavaThread "Common-Cleaner" daemon [_thread_blocked, id=24067, stack(0x00007000050ee000,0x00007000051ee000)]
  0x00007f9222895000 JavaThread "C2 CompilerThread1" daemon [_thread_blocked, id=41219, stack(0x00007000052f4000,0x00007000053f4000)]
  0x00007f922420b800 JavaThread "Daemon health stats" [_thread_blocked, id=39171, stack(0x0000700005a09000,0x0000700005b09000)]
  0x00007f92259dd800 JavaThread "Incoming local TCP Connector on port 59991" [_thread_in_native, id=26883, stack(0x0000700005b0c000,0x0000700005c0c000)]
  0x00007f9225456800 JavaThread "Daemon periodic checks" [_thread_blocked, id=27395, stack(0x0000700005c0f000,0x0000700005d0f000)]
  0x00007f9222cb0800 JavaThread "Daemon" [_thread_blocked, id=28163, stack(0x0000700005d12000,0x0000700005e12000)]
  0x00007f92252b0000 JavaThread "Handler for socket connection from /127.0.0.1:59991 to /127.0.0.1:59992" [_thread_in_native, id=28931, stack(0x0000700005e15000,0x0000700005f15000)]
  0x00007f9223459800 JavaThread "Cancel handler" [_thread_blocked, id=38147, stack(0x0000700005f18000,0x0000700006018000)]
  0x00007f9225413000 JavaThread "Daemon worker" [_thread_blocked, id=37891, stack(0x000070000601b000,0x000070000611b000)]
  0x00007f9223175000 JavaThread "Asynchronous log dispatcher for DefaultDaemonConnection: socket connection from /127.0.0.1:59991 to /127.0.0.1:59992" [_thread_blocked, id=37379, stack(0x000070000611e000,0x000070000621e000)]
  0x00007f9222e09000 JavaThread "Stdin handler" [_thread_blocked, id=30723, stack(0x0000700006221000,0x0000700006321000)]
  0x00007f92232b0000 JavaThread "Daemon client event forwarder" [_thread_blocked, id=36867, stack(0x0000700006324000,0x0000700006424000)]
  0x00007f9221f2b800 JavaThread "Cache worker for file hash cache (/Users/ahmed/.gradle/caches/7.0.2/fileHashes)" [_thread_blocked, id=25095, stack(0x00007000053f7000,0x00007000054f7000)]
  0x00007f922362f800 JavaThread "File lock request listener" [_thread_in_native, id=36355, stack(0x0000700006427000,0x0000700006527000)]

Other Threads:
  0x00007f922300e000 VMThread "VM Thread" [stack: 0x00007000048d6000,0x00007000049d6000] [id=18691]
  0x00007f922187f800 WatcherThread [stack: 0x00007000051f1000,0x00007000052f1000] [id=24323]
  0x00007f9222803000 GCTaskThread "GC Thread#0" [stack: 0x00007000043c7000,0x00007000044c7000] [id=20483]
  0x00007f9222885800 GCTaskThread "GC Thread#1" [stack: 0x00007000054fa000,0x00007000055fa000] [id=40707]
=>0x00007f9222aec000 GCTaskThread "GC Thread#2" [stack: 0x00007000055fd000,0x00007000056fd000] [id=40195]
  0x00007f9222aec800 GCTaskThread "GC Thread#3" [stack: 0x0000700005700000,0x0000700005800000] [id=25347]
  0x00007f9222aed800 GCTaskThread "GC Thread#4" [stack: 0x0000700005803000,0x0000700005903000] [id=39683]
  0x00007f9222b16000 GCTaskThread "GC Thread#5" [stack: 0x0000700005906000,0x0000700005a06000] [id=39427]
  0x00007f9221de2000 GCTaskThread "GC Thread#6" [stack: 0x000070000652a000,0x000070000662a000] [id=36099]
  0x00007f9221de2800 GCTaskThread "GC Thread#7" [stack: 0x000070000662d000,0x000070000672d000] [id=35843]
  0x00007f9221824000 ConcurrentGCThread "G1 Main Marker" [stack: 0x00007000044ca000,0x00007000045ca000] [id=12547]
  0x00007f9221824800 ConcurrentGCThread "G1 Conc#0" [stack: 0x00007000045cd000,0x00007000046cd000] [id=19715]
  0x00007f922410f800 ConcurrentGCThread "G1 Conc#1" [stack: 0x0000700006730000,0x0000700006830000] [id=32003]
  0x00007f922286f000 ConcurrentGCThread "G1 Refine#0" [stack: 0x00007000046d0000,0x00007000047d0000] [id=19459]
  0x00007f922401b800 ConcurrentGCThread "G1 Young RemSet Sampling" [stack: 0x00007000047d3000,0x00007000048d3000] [id=18947]

Threads with active compile tasks:
C2 CompilerThread0   2380 1809       4       jdk.internal.org.objectweb.asm.ClassWriter::newUTF8 (70 bytes)
C1 CompilerThread0   2380 1812       3       jdk.internal.org.objectweb.asm.MethodWriter::getSize (838 bytes)
C2 CompilerThread1   2380 1792   !   4       java.util.zip.InflaterInputStream::read (138 bytes)

VM state:at safepoint (normal execution)

VM Mutex/Monitor currently owned by a thread:  ([mutex/lock_event])
[0x00007f922170eb00] Threads_lock - owner thread: 0x00007f922300e000
[0x00007f922170f200] Heap_lock - owner thread: 0x00007f9221824000

Heap address: 0x0000000780000000, size: 2048 MB, Compressed Oops mode: Zero based, Oop shift amount: 3
Narrow klass base: 0x0000000800000000, Narrow klass shift: 0
Compressed class space size: 1073741824 Address: 0x0000000800000000

Heap:
 garbage-first heap   total 262144K, used 16706K [0x0000000780000000, 0x0000000800000000)
  region size 1024K, 12 young (12288K), 11 survivors (11264K)
 Metaspace       used 20559K, capacity 21146K, committed 21504K, reserved 1069056K
  class space    used 2522K, capacity 2723K, committed 2816K, reserved 1048576K
Heap Regions: E=young(eden), S=young(survivor), O=old, HS=humongous(starts), HC=humongous(continues), CS=collection set, F=free, A=archive, TAMS=top-at-mark-start (previous, next)
|   0|0x0000000780000000, 0x0000000780000000, 0x0000000780100000|  0%| F|  |TAMS 0x0000000780000000, 0x0000000780000000| Untracked 
|   1|0x0000000780100000, 0x0000000780100000, 0x0000000780200000|  0%| F|  |TAMS 0x0000000780100000, 0x0000000780100000| Untracked 
|   2|0x0000000780200000, 0x0000000780200000, 0x0000000780300000|  0%| F|  |TAMS 0x0000000780200000, 0x0000000780200000| Untracked 
|   3|0x0000000780300000, 0x0000000780400000, 0x0000000780400000|100%|HS|  |TAMS 0x0000000780300000, 0x0000000780400000| Complete 
|   4|0x0000000780400000, 0x0000000780500000, 0x0000000780500000|100%|HC|  |TAMS 0x0000000780400000, 0x0000000780500000| Complete 
|   5|0x0000000780500000, 0x0000000780600000, 0x0000000780600000|100%|HC|  |TAMS 0x0000000780500000, 0x0000000780600000| Complete 
|   6|0x0000000780600000, 0x0000000780700000, 0x0000000780700000|100%| O|  |TAMS 0x0000000780600000, 0x0000000780700000| Untracked 
|   7|0x0000000780700000, 0x0000000780800000, 0x0000000780800000|100%| O|  |TAMS 0x0000000780700000, 0x0000000780800000| Untracked 
|   8|0x0000000780800000, 0x0000000780900000, 0x0000000780900000|100%| O|  |TAMS 0x0000000780800000, 0x0000000780900000| Untracked 
|   9|0x0000000780900000, 0x000000078093b600, 0x0000000780a00000| 23%| O|  |TAMS 0x0000000780900000, 0x000000078093b600| Untracked 
|  10|0x0000000780a00000, 0x0000000780a00000, 0x0000000780b00000|  0%| F|  |TAMS 0x0000000780a00000, 0x0000000780a00000| Untracked 
|  11|0x0000000780b00000, 0x0000000780b00000, 0x0000000780c00000|  0%| F|  |TAMS 0x0000000780b00000, 0x0000000780b00000| Untracked 
|  12|0x0000000780c00000, 0x0000000780c00000, 0x0000000780d00000|  0%| F|  |TAMS 0x0000000780c00000, 0x0000000780c00000| Untracked 
|  13|0x0000000780d00000, 0x0000000780d00000, 0x0000000780e00000|  0%| F|  |TAMS 0x0000000780d00000, 0x0000000780d00000| Untracked 
|  14|0x0000000780e00000, 0x0000000780e00000, 0x0000000780f00000|  0%| F|  |TAMS 0x0000000780e00000, 0x0000000780e00000| Untracked 
|  15|0x0000000780f00000, 0x0000000780f00000, 0x0000000781000000|  0%| F|  |TAMS 0x0000000780f00000, 0x0000000780f00000| Untracked 
|  16|0x0000000781000000, 0x0000000781000000, 0x0000000781100000|  0%| F|  |TAMS 0x0000000781000000, 0x0000000781000000| Untracked 
|  17|0x0000000781100000, 0x0000000781100000, 0x0000000781200000|  0%| F|  |TAMS 0x0000000781100000, 0x0000000781100000| Untracked 
|  18|0x0000000781200000, 0x0000000781200000, 0x0000000781300000|  0%| F|  |TAMS 0x0000000781200000, 0x0000000781200000| Untracked 
|  19|0x0000000781300000, 0x0000000781300000, 0x0000000781400000|  0%| F|  |TAMS 0x0000000781300000, 0x0000000781300000| Untracked 
|  20|0x0000000781400000, 0x0000000781400000, 0x0000000781500000|  0%| F|  |TAMS 0x0000000781400000, 0x0000000781400000| Untracked 
|  21|0x0000000781500000, 0x0000000781500000, 0x0000000781600000|  0%| F|  |TAMS 0x0000000781500000, 0x0000000781500000| Untracked 
|  22|0x0000000781600000, 0x0000000781600000, 0x0000000781700000|  0%| F|  |TAMS 0x0000000781600000, 0x0000000781600000| Untracked 
|  23|0x0000000781700000, 0x0000000781700000, 0x0000000781800000|  0%| F|  |TAMS 0x0000000781700000, 0x0000000781700000| Untracked 
|  24|0x0000000781800000, 0x0000000781800000, 0x0000000781900000|  0%| F|  |TAMS 0x0000000781800000, 0x0000000781800000| Untracked 
|  25|0x0000000781900000, 0x0000000781900000, 0x0000000781a00000|  0%| F|  |TAMS 0x0000000781900000, 0x0000000781900000| Untracked 
|  26|0x0000000781a00000, 0x0000000781a00000, 0x0000000781b00000|  0%| F|  |TAMS 0x0000000781a00000, 0x0000000781a00000| Untracked 
|  27|0x0000000781b00000, 0x0000000781b00000, 0x0000000781c00000|  0%| F|  |TAMS 0x0000000781b00000, 0x0000000781b00000| Untracked 
|  28|0x0000000781c00000, 0x0000000781c00000, 0x0000000781d00000|  0%| F|  |TAMS 0x0000000781c00000, 0x0000000781c00000| Untracked 
|  29|0x0000000781d00000, 0x0000000781d00000, 0x0000000781e00000|  0%| F|  |TAMS 0x0000000781d00000, 0x0000000781d00000| Untracked 
|  30|0x0000000781e00000, 0x0000000781e00000, 0x0000000781f00000|  0%| F|  |TAMS 0x0000000781e00000, 0x0000000781e00000| Untracked 
|  31|0x0000000781f00000, 0x0000000781f00000, 0x0000000782000000|  0%| F|  |TAMS 0x0000000781f00000, 0x0000000781f00000| Untracked 
|  32|0x0000000782000000, 0x0000000782000000, 0x0000000782100000|  0%| F|  |TAMS 0x0000000782000000, 0x0000000782000000| Untracked 
|  33|0x0000000782100000, 0x0000000782100000, 0x0000000782200000|  0%| F|  |TAMS 0x0000000782100000, 0x0000000782100000| Untracked 
|  34|0x0000000782200000, 0x0000000782200000, 0x0000000782300000|  0%| F|  |TAMS 0x0000000782200000, 0x0000000782200000| Untracked 
|  35|0x0000000782300000, 0x0000000782300000, 0x0000000782400000|  0%| F|  |TAMS 0x0000000782300000, 0x0000000782300000| Untracked 
|  36|0x0000000782400000, 0x0000000782400000, 0x0000000782500000|  0%| F|  |TAMS 0x0000000782400000, 0x0000000782400000| Untracked 
|  37|0x0000000782500000, 0x0000000782500000, 0x0000000782600000|  0%| F|  |TAMS 0x0000000782500000, 0x0000000782500000| Untracked 
|  38|0x0000000782600000, 0x0000000782600000, 0x0000000782700000|  0%| F|  |TAMS 0x0000000782600000, 0x0000000782600000| Untracked 
|  39|0x0000000782700000, 0x0000000782700000, 0x0000000782800000|  0%| F|  |TAMS 0x0000000782700000, 0x0000000782700000| Untracked 
|  40|0x0000000782800000, 0x0000000782800000, 0x0000000782900000|  0%| F|  |TAMS 0x0000000782800000, 0x0000000782800000| Untracked 
|  41|0x0000000782900000, 0x0000000782900000, 0x0000000782a00000|  0%| F|  |TAMS 0x0000000782900000, 0x0000000782900000| Untracked 
|  42|0x0000000782a00000, 0x0000000782a00000, 0x0000000782b00000|  0%| F|  |TAMS 0x0000000782a00000, 0x0000000782a00000| Untracked 
|  43|0x0000000782b00000, 0x0000000782b00000, 0x0000000782c00000|  0%| F|  |TAMS 0x0000000782b00000, 0x0000000782b00000| Untracked 
|  44|0x0000000782c00000, 0x0000000782c00000, 0x0000000782d00000|  0%| F|  |TAMS 0x0000000782c00000, 0x0000000782c00000| Untracked 
|  45|0x0000000782d00000, 0x0000000782d00000, 0x0000000782e00000|  0%| F|  |TAMS 0x0000000782d00000, 0x0000000782d00000| Untracked 
|  46|0x0000000782e00000, 0x0000000782e00000, 0x0000000782f00000|  0%| F|  |TAMS 0x0000000782e00000, 0x0000000782e00000| Untracked 
|  47|0x0000000782f00000, 0x0000000782f00000, 0x0000000783000000|  0%| F|  |TAMS 0x0000000782f00000, 0x0000000782f00000| Untracked 
|  48|0x0000000783000000, 0x0000000783000000, 0x0000000783100000|  0%| F|  |TAMS 0x0000000783000000, 0x0000000783000000| Untracked 
|  49|0x0000000783100000, 0x0000000783100000, 0x0000000783200000|  0%| F|  |TAMS 0x0000000783100000, 0x0000000783100000| Untracked 
|  50|0x0000000783200000, 0x0000000783200000, 0x0000000783300000|  0%| F|  |TAMS 0x0000000783200000, 0x0000000783200000| Untracked 
|  51|0x0000000783300000, 0x0000000783300000, 0x0000000783400000|  0%| F|  |TAMS 0x0000000783300000, 0x0000000783300000| Untracked 
|  52|0x0000000783400000, 0x0000000783400000, 0x0000000783500000|  0%| F|  |TAMS 0x0000000783400000, 0x0000000783400000| Untracked 
|  53|0x0000000783500000, 0x0000000783500000, 0x0000000783600000|  0%| F|  |TAMS 0x0000000783500000, 0x0000000783500000| Untracked 
|  54|0x0000000783600000, 0x0000000783600000, 0x0000000783700000|  0%| F|  |TAMS 0x0000000783600000, 0x0000000783600000| Untracked 
|  55|0x0000000783700000, 0x0000000783700000, 0x0000000783800000|  0%| F|  |TAMS 0x0000000783700000, 0x0000000783700000| Untracked 
|  56|0x0000000783800000, 0x0000000783800000, 0x0000000783900000|  0%| F|  |TAMS 0x0000000783800000, 0x0000000783800000| Untracked 
|  57|0x0000000783900000, 0x0000000783900000, 0x0000000783a00000|  0%| F|  |TAMS 0x0000000783900000, 0x0000000783900000| Untracked 
|  58|0x0000000783a00000, 0x0000000783a00000, 0x0000000783b00000|  0%| F|  |TAMS 0x0000000783a00000, 0x0000000783a00000| Untracked 
|  59|0x0000000783b00000, 0x0000000783b00000, 0x0000000783c00000|  0%| F|  |TAMS 0x0000000783b00000, 0x0000000783b00000| Untracked 
|  60|0x0000000783c00000, 0x0000000783c00000, 0x0000000783d00000|  0%| F|  |TAMS 0x0000000783c00000, 0x0000000783c00000| Untracked 
|  61|0x0000000783d00000, 0x0000000783d00000, 0x0000000783e00000|  0%| F|  |TAMS 0x0000000783d00000, 0x0000000783d00000| Untracked 
|  62|0x0000000783e00000, 0x0000000783e00000, 0x0000000783f00000|  0%| F|  |TAMS 0x0000000783e00000, 0x0000000783e00000| Untracked 
|  63|0x0000000783f00000, 0x0000000783f00000, 0x0000000784000000|  0%| F|  |TAMS 0x0000000783f00000, 0x0000000783f00000| Untracked 
|  64|0x0000000784000000, 0x0000000784000000, 0x0000000784100000|  0%| F|  |TAMS 0x0000000784000000, 0x0000000784000000| Untracked 
|  65|0x0000000784100000, 0x0000000784100000, 0x0000000784200000|  0%| F|  |TAMS 0x0000000784100000, 0x0000000784100000| Untracked 
|  66|0x0000000784200000, 0x0000000784200000, 0x0000000784300000|  0%| F|  |TAMS 0x0000000784200000, 0x0000000784200000| Untracked 
|  67|0x0000000784300000, 0x0000000784300000, 0x0000000784400000|  0%| F|  |TAMS 0x0000000784300000, 0x0000000784300000| Untracked 
|  68|0x0000000784400000, 0x0000000784400000, 0x0000000784500000|  0%| F|  |TAMS 0x0000000784400000, 0x0000000784400000| Untracked 
|  69|0x0000000784500000, 0x0000000784500000, 0x0000000784600000|  0%| F|  |TAMS 0x0000000784500000, 0x0000000784500000| Untracked 
|  70|0x0000000784600000, 0x0000000784600000, 0x0000000784700000|  0%| F|  |TAMS 0x0000000784600000, 0x0000000784600000| Untracked 
|  71|0x0000000784700000, 0x0000000784700000, 0x0000000784800000|  0%| F|  |TAMS 0x0000000784700000, 0x0000000784700000| Untracked 
|  72|0x0000000784800000, 0x0000000784800000, 0x0000000784900000|  0%| F|  |TAMS 0x0000000784800000, 0x0000000784800000| Untracked 
|  73|0x0000000784900000, 0x0000000784900000, 0x0000000784a00000|  0%| F|  |TAMS 0x0000000784900000, 0x0000000784900000| Untracked 
|  74|0x0000000784a00000, 0x0000000784a00000, 0x0000000784b00000|  0%| F|  |TAMS 0x0000000784a00000, 0x0000000784a00000| Untracked 
|  75|0x0000000784b00000, 0x0000000784b00000, 0x0000000784c00000|  0%| F|  |TAMS 0x0000000784b00000, 0x0000000784b00000| Untracked 
|  76|0x0000000784c00000, 0x0000000784c00000, 0x0000000784d00000|  0%| F|  |TAMS 0x0000000784c00000, 0x0000000784c00000| Untracked 
|  77|0x0000000784d00000, 0x0000000784d00000, 0x0000000784e00000|  0%| F|  |TAMS 0x0000000784d00000, 0x0000000784d00000| Untracked 
|  78|0x0000000784e00000, 0x0000000784e00000, 0x0000000784f00000|  0%| F|  |TAMS 0x0000000784e00000, 0x0000000784e00000| Untracked 
|  79|0x0000000784f00000, 0x0000000784f00000, 0x0000000785000000|  0%| F|  |TAMS 0x0000000784f00000, 0x0000000784f00000| Untracked 
|  80|0x0000000785000000, 0x0000000785000000, 0x0000000785100000|  0%| F|  |TAMS 0x0000000785000000, 0x0000000785000000| Untracked 
|  81|0x0000000785100000, 0x0000000785100000, 0x0000000785200000|  0%| F|  |TAMS 0x0000000785100000, 0x0000000785100000| Untracked 
|  82|0x0000000785200000, 0x0000000785200000, 0x0000000785300000|  0%| F|  |TAMS 0x0000000785200000, 0x0000000785200000| Untracked 
|  83|0x0000000785300000, 0x0000000785300000, 0x0000000785400000|  0%| F|  |TAMS 0x0000000785300000, 0x0000000785300000| Untracked 
|  84|0x0000000785400000, 0x0000000785400000, 0x0000000785500000|  0%| F|  |TAMS 0x0000000785400000, 0x0000000785400000| Untracked 
|  85|0x0000000785500000, 0x0000000785500000, 0x0000000785600000|  0%| F|  |TAMS 0x0000000785500000, 0x0000000785500000| Untracked 
|  86|0x0000000785600000, 0x0000000785600000, 0x0000000785700000|  0%| F|  |TAMS 0x0000000785600000, 0x0000000785600000| Untracked 
|  87|0x0000000785700000, 0x0000000785700000, 0x0000000785800000|  0%| F|  |TAMS 0x0000000785700000, 0x0000000785700000| Untracked 
|  88|0x0000000785800000, 0x0000000785800000, 0x0000000785900000|  0%| F|  |TAMS 0x0000000785800000, 0x0000000785800000| Untracked 
|  89|0x0000000785900000, 0x0000000785900000, 0x0000000785a00000|  0%| F|  |TAMS 0x0000000785900000, 0x0000000785900000| Untracked 
|  90|0x0000000785a00000, 0x0000000785a00000, 0x0000000785b00000|  0%| F|  |TAMS 0x0000000785a00000, 0x0000000785a00000| Untracked 
|  91|0x0000000785b00000, 0x0000000785b00000, 0x0000000785c00000|  0%| F|  |TAMS 0x0000000785b00000, 0x0000000785b00000| Untracked 
|  92|0x0000000785c00000, 0x0000000785c00000, 0x0000000785d00000|  0%| F|  |TAMS 0x0000000785c00000, 0x0000000785c00000| Untracked 
|  93|0x0000000785d00000, 0x0000000785d00000, 0x0000000785e00000|  0%| F|  |TAMS 0x0000000785d00000, 0x0000000785d00000| Untracked 
|  94|0x0000000785e00000, 0x0000000785e00000, 0x0000000785f00000|  0%| F|  |TAMS 0x0000000785e00000, 0x0000000785e00000| Untracked 
|  95|0x0000000785f00000, 0x0000000785f00000, 0x0000000786000000|  0%| F|  |TAMS 0x0000000785f00000, 0x0000000785f00000| Untracked 
|  96|0x0000000786000000, 0x0000000786000000, 0x0000000786100000|  0%| F|  |TAMS 0x0000000786000000, 0x0000000786000000| Untracked 
|  97|0x0000000786100000, 0x0000000786100000, 0x0000000786200000|  0%| F|  |TAMS 0x0000000786100000, 0x0000000786100000| Untracked 
|  98|0x0000000786200000, 0x0000000786200000, 0x0000000786300000|  0%| F|  |TAMS 0x0000000786200000, 0x0000000786200000| Untracked 
|  99|0x0000000786300000, 0x0000000786300000, 0x0000000786400000|  0%| F|  |TAMS 0x0000000786300000, 0x0000000786300000| Untracked 
| 100|0x0000000786400000, 0x0000000786400000, 0x0000000786500000|  0%| F|  |TAMS 0x0000000786400000, 0x0000000786400000| Untracked 
| 101|0x0000000786500000, 0x0000000786500000, 0x0000000786600000|  0%| F|  |TAMS 0x0000000786500000, 0x0000000786500000| Untracked 
| 102|0x0000000786600000, 0x0000000786600000, 0x0000000786700000|  0%| F|  |TAMS 0x0000000786600000, 0x0000000786600000| Untracked 
| 103|0x0000000786700000, 0x0000000786700000, 0x0000000786800000|  0%| F|  |TAMS 0x0000000786700000, 0x0000000786700000| Untracked 
| 104|0x0000000786800000, 0x0000000786800000, 0x0000000786900000|  0%| F|  |TAMS 0x0000000786800000, 0x0000000786800000| Untracked 
| 105|0x0000000786900000, 0x0000000786900000, 0x0000000786a00000|  0%| F|  |TAMS 0x0000000786900000, 0x0000000786900000| Untracked 
| 106|0x0000000786a00000, 0x0000000786a00000, 0x0000000786b00000|  0%| F|  |TAMS 0x0000000786a00000, 0x0000000786a00000| Untracked 
| 107|0x0000000786b00000, 0x0000000786b00000, 0x0000000786c00000|  0%| F|  |TAMS 0x0000000786b00000, 0x0000000786b00000| Untracked 
| 108|0x0000000786c00000, 0x0000000786c00000, 0x0000000786d00000|  0%| F|  |TAMS 0x0000000786c00000, 0x0000000786c00000| Untracked 
| 109|0x0000000786d00000, 0x0000000786d00000, 0x0000000786e00000|  0%| F|  |TAMS 0x0000000786d00000, 0x0000000786d00000| Untracked 
| 110|0x0000000786e00000, 0x0000000786e00000, 0x0000000786f00000|  0%| F|  |TAMS 0x0000000786e00000, 0x0000000786e00000| Untracked 
| 111|0x0000000786f00000, 0x0000000786f00000, 0x0000000787000000|  0%| F|  |TAMS 0x0000000786f00000, 0x0000000786f00000| Untracked 
| 112|0x0000000787000000, 0x0000000787000000, 0x0000000787100000|  0%| F|  |TAMS 0x0000000787000000, 0x0000000787000000| Untracked 
| 113|0x0000000787100000, 0x0000000787100000, 0x0000000787200000|  0%| F|  |TAMS 0x0000000787100000, 0x0000000787100000| Untracked 
| 114|0x0000000787200000, 0x0000000787200000, 0x0000000787300000|  0%| F|  |TAMS 0x0000000787200000, 0x0000000787200000| Untracked 
| 115|0x0000000787300000, 0x0000000787300000, 0x0000000787400000|  0%| F|  |TAMS 0x0000000787300000, 0x0000000787300000| Untracked 
| 116|0x0000000787400000, 0x0000000787400000, 0x0000000787500000|  0%| F|  |TAMS 0x0000000787400000, 0x0000000787400000| Untracked 
| 117|0x0000000787500000, 0x0000000787500000, 0x0000000787600000|  0%| F|  |TAMS 0x0000000787500000, 0x0000000787500000| Untracked 
| 118|0x0000000787600000, 0x0000000787600000, 0x0000000787700000|  0%| F|  |TAMS 0x0000000787600000, 0x0000000787600000| Untracked 
| 119|0x0000000787700000, 0x0000000787700000, 0x0000000787800000|  0%| F|  |TAMS 0x0000000787700000, 0x0000000787700000| Untracked 
| 120|0x0000000787800000, 0x0000000787800000, 0x0000000787900000|  0%| F|  |TAMS 0x0000000787800000, 0x0000000787800000| Untracked 
| 121|0x0000000787900000, 0x0000000787900000, 0x0000000787a00000|  0%| F|  |TAMS 0x0000000787900000, 0x0000000787900000| Untracked 
| 122|0x0000000787a00000, 0x0000000787a00000, 0x0000000787b00000|  0%| F|  |TAMS 0x0000000787a00000, 0x0000000787a00000| Untracked 
| 123|0x0000000787b00000, 0x0000000787b00000, 0x0000000787c00000|  0%| F|  |TAMS 0x0000000787b00000, 0x0000000787b00000| Untracked 
| 124|0x0000000787c00000, 0x0000000787c00000, 0x0000000787d00000|  0%| F|  |TAMS 0x0000000787c00000, 0x0000000787c00000| Untracked 
| 125|0x0000000787d00000, 0x0000000787d00000, 0x0000000787e00000|  0%| F|  |TAMS 0x0000000787d00000, 0x0000000787d00000| Untracked 
| 126|0x0000000787e00000, 0x0000000787e00000, 0x0000000787f00000|  0%| F|  |TAMS 0x0000000787e00000, 0x0000000787e00000| Untracked 
| 127|0x0000000787f00000, 0x0000000787f00000, 0x0000000788000000|  0%| F|  |TAMS 0x0000000787f00000, 0x0000000787f00000| Untracked 
| 128|0x0000000788000000, 0x0000000788000000, 0x0000000788100000|  0%| F|  |TAMS 0x0000000788000000, 0x0000000788000000| Untracked 
| 129|0x0000000788100000, 0x0000000788100000, 0x0000000788200000|  0%| F|  |TAMS 0x0000000788100000, 0x0000000788100000| Untracked 
| 130|0x0000000788200000, 0x0000000788200000, 0x0000000788300000|  0%| F|  |TAMS 0x0000000788200000, 0x0000000788200000| Untracked 
| 131|0x0000000788300000, 0x0000000788300000, 0x0000000788400000|  0%| F|  |TAMS 0x0000000788300000, 0x0000000788300000| Untracked 
| 132|0x0000000788400000, 0x0000000788400000, 0x0000000788500000|  0%| F|  |TAMS 0x0000000788400000, 0x0000000788400000| Untracked 
| 133|0x0000000788500000, 0x0000000788500000, 0x0000000788600000|  0%| F|  |TAMS 0x0000000788500000, 0x0000000788500000| Untracked 
| 134|0x0000000788600000, 0x0000000788600000, 0x0000000788700000|  0%| F|  |TAMS 0x0000000788600000, 0x0000000788600000| Untracked 
| 135|0x0000000788700000, 0x0000000788700000, 0x0000000788800000|  0%| F|  |TAMS 0x0000000788700000, 0x0000000788700000| Untracked 
| 136|0x0000000788800000, 0x0000000788800000, 0x0000000788900000|  0%| F|  |TAMS 0x0000000788800000, 0x0000000788800000| Untracked 
| 137|0x0000000788900000, 0x0000000788900000, 0x0000000788a00000|  0%| F|  |TAMS 0x0000000788900000, 0x0000000788900000| Untracked 
| 138|0x0000000788a00000, 0x0000000788a00000, 0x0000000788b00000|  0%| F|  |TAMS 0x0000000788a00000, 0x0000000788a00000| Untracked 
| 139|0x0000000788b00000, 0x0000000788b00000, 0x0000000788c00000|  0%| F|  |TAMS 0x0000000788b00000, 0x0000000788b00000| Untracked 
| 140|0x0000000788c00000, 0x0000000788c00000, 0x0000000788d00000|  0%| F|  |TAMS 0x0000000788c00000, 0x0000000788c00000| Untracked 
| 141|0x0000000788d00000, 0x0000000788d00000, 0x0000000788e00000|  0%| F|  |TAMS 0x0000000788d00000, 0x0000000788d00000| Untracked 
| 142|0x0000000788e00000, 0x0000000788e00000, 0x0000000788f00000|  0%| F|  |TAMS 0x0000000788e00000, 0x0000000788e00000| Untracked 
| 143|0x0000000788f00000, 0x0000000788f00000, 0x0000000789000000|  0%| F|  |TAMS 0x0000000788f00000, 0x0000000788f00000| Untracked 
| 144|0x0000000789000000, 0x0000000789000000, 0x0000000789100000|  0%| F|  |TAMS 0x0000000789000000, 0x0000000789000000| Untracked 
| 145|0x0000000789100000, 0x0000000789100000, 0x0000000789200000|  0%| F|  |TAMS 0x0000000789100000, 0x0000000789100000| Untracked 
| 146|0x0000000789200000, 0x0000000789200000, 0x0000000789300000|  0%| F|  |TAMS 0x0000000789200000, 0x0000000789200000| Untracked 
| 147|0x0000000789300000, 0x0000000789300000, 0x0000000789400000|  0%| F|  |TAMS 0x0000000789300000, 0x0000000789300000| Untracked 
| 148|0x0000000789400000, 0x0000000789400000, 0x0000000789500000|  0%| F|  |TAMS 0x0000000789400000, 0x0000000789400000| Untracked 
| 149|0x0000000789500000, 0x0000000789500000, 0x0000000789600000|  0%| F|  |TAMS 0x0000000789500000, 0x0000000789500000| Untracked 
| 150|0x0000000789600000, 0x0000000789600000, 0x0000000789700000|  0%| F|  |TAMS 0x0000000789600000, 0x0000000789600000| Untracked 
| 151|0x0000000789700000, 0x0000000789700000, 0x0000000789800000|  0%| F|  |TAMS 0x0000000789700000, 0x0000000789700000| Untracked 
| 152|0x0000000789800000, 0x0000000789800000, 0x0000000789900000|  0%| F|  |TAMS 0x0000000789800000, 0x0000000789800000| Untracked 
| 153|0x0000000789900000, 0x0000000789900000, 0x0000000789a00000|  0%| F|  |TAMS 0x0000000789900000, 0x0000000789900000| Untracked 
| 154|0x0000000789a00000, 0x0000000789a152a0, 0x0000000789b00000|  8%| S|CS|TAMS 0x0000000789a00000, 0x0000000789a00000| Complete 
| 155|0x0000000789b00000, 0x0000000789c00000, 0x0000000789c00000|100%| S|CS|TAMS 0x0000000789b00000, 0x0000000789b00000| Complete 
| 156|0x0000000789c00000, 0x0000000789d00000, 0x0000000789d00000|100%| S|CS|TAMS 0x0000000789c00000, 0x0000000789c00000| Complete 
| 157|0x0000000789d00000, 0x0000000789e00000, 0x0000000789e00000|100%| S|CS|TAMS 0x0000000789d00000, 0x0000000789d00000| Complete 
| 158|0x0000000789e00000, 0x0000000789f00000, 0x0000000789f00000|100%| S|CS|TAMS 0x0000000789e00000, 0x0000000789e00000| Complete 
| 159|0x0000000789f00000, 0x000000078a000000, 0x000000078a000000|100%| S|CS|TAMS 0x0000000789f00000, 0x0000000789f00000| Complete 
| 160|0x000000078a000000, 0x000000078a100000, 0x000000078a100000|100%| S|CS|TAMS 0x000000078a000000, 0x000000078a000000| Complete 
| 161|0x000000078a100000, 0x000000078a200000, 0x000000078a200000|100%| S|CS|TAMS 0x000000078a100000, 0x000000078a100000| Complete 
| 162|0x000000078a200000, 0x000000078a300000, 0x000000078a300000|100%| S|CS|TAMS 0x000000078a200000, 0x000000078a200000| Complete 
| 163|0x000000078a300000, 0x000000078a400000, 0x000000078a400000|100%| S|CS|TAMS 0x000000078a300000, 0x000000078a300000| Complete 
| 164|0x000000078a400000, 0x000000078a500000, 0x000000078a500000|100%| S|CS|TAMS 0x000000078a400000, 0x000000078a400000| Complete 
| 165|0x000000078a500000, 0x000000078a500000, 0x000000078a600000|  0%| F|  |TAMS 0x000000078a500000, 0x000000078a500000| Untracked 
| 166|0x000000078a600000, 0x000000078a600000, 0x000000078a700000|  0%| F|  |TAMS 0x000000078a600000, 0x000000078a600000| Untracked 
| 167|0x000000078a700000, 0x000000078a700000, 0x000000078a800000|  0%| F|  |TAMS 0x000000078a700000, 0x000000078a700000| Untracked 
| 168|0x000000078a800000, 0x000000078a800000, 0x000000078a900000|  0%| F|  |TAMS 0x000000078a800000, 0x000000078a800000| Untracked 
| 169|0x000000078a900000, 0x000000078a900000, 0x000000078aa00000|  0%| F|  |TAMS 0x000000078a900000, 0x000000078a900000| Untracked 
| 170|0x000000078aa00000, 0x000000078aa00000, 0x000000078ab00000|  0%| F|  |TAMS 0x000000078aa00000, 0x000000078aa00000| Untracked 
| 171|0x000000078ab00000, 0x000000078ab00000, 0x000000078ac00000|  0%| F|  |TAMS 0x000000078ab00000, 0x000000078ab00000| Untracked 
| 172|0x000000078ac00000, 0x000000078ac00000, 0x000000078ad00000|  0%| F|  |TAMS 0x000000078ac00000, 0x000000078ac00000| Untracked 
| 173|0x000000078ad00000, 0x000000078ad00000, 0x000000078ae00000|  0%| F|  |TAMS 0x000000078ad00000, 0x000000078ad00000| Untracked 
| 174|0x000000078ae00000, 0x000000078ae00000, 0x000000078af00000|  0%| F|  |TAMS 0x000000078ae00000, 0x000000078ae00000| Untracked 
| 175|0x000000078af00000, 0x000000078af00000, 0x000000078b000000|  0%| F|  |TAMS 0x000000078af00000, 0x000000078af00000| Untracked 
| 176|0x000000078b000000, 0x000000078b000000, 0x000000078b100000|  0%| F|  |TAMS 0x000000078b000000, 0x000000078b000000| Untracked 
| 177|0x000000078b100000, 0x000000078b100000, 0x000000078b200000|  0%| F|  |TAMS 0x000000078b100000, 0x000000078b100000| Untracked 
| 178|0x000000078b200000, 0x000000078b200000, 0x000000078b300000|  0%| F|  |TAMS 0x000000078b200000, 0x000000078b200000| Untracked 
| 179|0x000000078b300000, 0x000000078b300000, 0x000000078b400000|  0%| F|  |TAMS 0x000000078b300000, 0x000000078b300000| Untracked 
| 180|0x000000078b400000, 0x000000078b400000, 0x000000078b500000|  0%| F|  |TAMS 0x000000078b400000, 0x000000078b400000| Untracked 
| 181|0x000000078b500000, 0x000000078b500000, 0x000000078b600000|  0%| F|  |TAMS 0x000000078b500000, 0x000000078b500000| Untracked 
| 182|0x000000078b600000, 0x000000078b600000, 0x000000078b700000|  0%| F|  |TAMS 0x000000078b600000, 0x000000078b600000| Untracked 
| 183|0x000000078b700000, 0x000000078b700000, 0x000000078b800000|  0%| F|  |TAMS 0x000000078b700000, 0x000000078b700000| Untracked 
| 184|0x000000078b800000, 0x000000078b800000, 0x000000078b900000|  0%| F|  |TAMS 0x000000078b800000, 0x000000078b800000| Untracked 
| 185|0x000000078b900000, 0x000000078b900000, 0x000000078ba00000|  0%| F|  |TAMS 0x000000078b900000, 0x000000078b900000| Untracked 
| 186|0x000000078ba00000, 0x000000078ba00000, 0x000000078bb00000|  0%| F|  |TAMS 0x000000078ba00000, 0x000000078ba00000| Untracked 
| 187|0x000000078bb00000, 0x000000078bb00000, 0x000000078bc00000|  0%| F|  |TAMS 0x000000078bb00000, 0x000000078bb00000| Untracked 
| 188|0x000000078bc00000, 0x000000078bc00000, 0x000000078bd00000|  0%| F|  |TAMS 0x000000078bc00000, 0x000000078bc00000| Untracked 
| 189|0x000000078bd00000, 0x000000078bd00000, 0x000000078be00000|  0%| F|  |TAMS 0x000000078bd00000, 0x000000078bd00000| Untracked 
| 190|0x000000078be00000, 0x000000078be00000, 0x000000078bf00000|  0%| F|  |TAMS 0x000000078be00000, 0x000000078be00000| Untracked 
| 191|0x000000078bf00000, 0x000000078bf00000, 0x000000078c000000|  0%| F|  |TAMS 0x000000078bf00000, 0x000000078bf00000| Untracked 
| 192|0x000000078c000000, 0x000000078c000000, 0x000000078c100000|  0%| F|  |TAMS 0x000000078c000000, 0x000000078c000000| Untracked 
| 193|0x000000078c100000, 0x000000078c100000, 0x000000078c200000|  0%| F|  |TAMS 0x000000078c100000, 0x000000078c100000| Untracked 
| 194|0x000000078c200000, 0x000000078c200000, 0x000000078c300000|  0%| F|  |TAMS 0x000000078c200000, 0x000000078c200000| Untracked 
| 195|0x000000078c300000, 0x000000078c300000, 0x000000078c400000|  0%| F|  |TAMS 0x000000078c300000, 0x000000078c300000| Untracked 
| 196|0x000000078c400000, 0x000000078c400000, 0x000000078c500000|  0%| F|  |TAMS 0x000000078c400000, 0x000000078c400000| Untracked 
| 197|0x000000078c500000, 0x000000078c500000, 0x000000078c600000|  0%| F|  |TAMS 0x000000078c500000, 0x000000078c500000| Untracked 
| 198|0x000000078c600000, 0x000000078c600000, 0x000000078c700000|  0%| F|  |TAMS 0x000000078c600000, 0x000000078c600000| Untracked 
| 199|0x000000078c700000, 0x000000078c700000, 0x000000078c800000|  0%| F|  |TAMS 0x000000078c700000, 0x000000078c700000| Untracked 
| 200|0x000000078c800000, 0x000000078c800000, 0x000000078c900000|  0%| F|  |TAMS 0x000000078c800000, 0x000000078c800000| Untracked 
| 201|0x000000078c900000, 0x000000078c900000, 0x000000078ca00000|  0%| F|  |TAMS 0x000000078c900000, 0x000000078c900000| Untracked 
| 202|0x000000078ca00000, 0x000000078ca00000, 0x000000078cb00000|  0%| F|  |TAMS 0x000000078ca00000, 0x000000078ca00000| Untracked 
| 203|0x000000078cb00000, 0x000000078cb00000, 0x000000078cc00000|  0%| F|  |TAMS 0x000000078cb00000, 0x000000078cb00000| Untracked 
| 204|0x000000078cc00000, 0x000000078cc00000, 0x000000078cd00000|  0%| F|  |TAMS 0x000000078cc00000, 0x000000078cc00000| Untracked 
| 205|0x000000078cd00000, 0x000000078cd00000, 0x000000078ce00000|  0%| F|  |TAMS 0x000000078cd00000, 0x000000078cd00000| Untracked 
| 206|0x000000078ce00000, 0x000000078ce00000, 0x000000078cf00000|  0%| F|  |TAMS 0x000000078ce00000, 0x000000078ce00000| Untracked 
| 207|0x000000078cf00000, 0x000000078cf00000, 0x000000078d000000|  0%| F|  |TAMS 0x000000078cf00000, 0x000000078cf00000| Untracked 
| 208|0x000000078d000000, 0x000000078d000000, 0x000000078d100000|  0%| F|  |TAMS 0x000000078d000000, 0x000000078d000000| Untracked 
| 209|0x000000078d100000, 0x000000078d100000, 0x000000078d200000|  0%| F|  |TAMS 0x000000078d100000, 0x000000078d100000| Untracked 
| 210|0x000000078d200000, 0x000000078d200000, 0x000000078d300000|  0%| F|  |TAMS 0x000000078d200000, 0x000000078d200000| Untracked 
| 211|0x000000078d300000, 0x000000078d300000, 0x000000078d400000|  0%| F|  |TAMS 0x000000078d300000, 0x000000078d300000| Untracked 
| 212|0x000000078d400000, 0x000000078d400000, 0x000000078d500000|  0%| F|  |TAMS 0x000000078d400000, 0x000000078d400000| Untracked 
| 213|0x000000078d500000, 0x000000078d500000, 0x000000078d600000|  0%| F|  |TAMS 0x000000078d500000, 0x000000078d500000| Untracked 
| 214|0x000000078d600000, 0x000000078d600000, 0x000000078d700000|  0%| F|  |TAMS 0x000000078d600000, 0x000000078d600000| Untracked 
| 215|0x000000078d700000, 0x000000078d700000, 0x000000078d800000|  0%| F|  |TAMS 0x000000078d700000, 0x000000078d700000| Untracked 
| 216|0x000000078d800000, 0x000000078d800000, 0x000000078d900000|  0%| F|  |TAMS 0x000000078d800000, 0x000000078d800000| Untracked 
| 217|0x000000078d900000, 0x000000078d900000, 0x000000078da00000|  0%| F|  |TAMS 0x000000078d900000, 0x000000078d900000| Untracked 
| 218|0x000000078da00000, 0x000000078da00000, 0x000000078db00000|  0%| F|  |TAMS 0x000000078da00000, 0x000000078da00000| Untracked 
| 219|0x000000078db00000, 0x000000078db00000, 0x000000078dc00000|  0%| F|  |TAMS 0x000000078db00000, 0x000000078db00000| Untracked 
| 220|0x000000078dc00000, 0x000000078dc00000, 0x000000078dd00000|  0%| F|  |TAMS 0x000000078dc00000, 0x000000078dc00000| Untracked 
| 221|0x000000078dd00000, 0x000000078dd00000, 0x000000078de00000|  0%| F|  |TAMS 0x000000078dd00000, 0x000000078dd00000| Untracked 
| 222|0x000000078de00000, 0x000000078de00000, 0x000000078df00000|  0%| F|  |TAMS 0x000000078de00000, 0x000000078de00000| Untracked 
| 223|0x000000078df00000, 0x000000078df00000, 0x000000078e000000|  0%| F|  |TAMS 0x000000078df00000, 0x000000078df00000| Untracked 
| 224|0x000000078e000000, 0x000000078e000000, 0x000000078e100000|  0%| F|  |TAMS 0x000000078e000000, 0x000000078e000000| Untracked 
| 225|0x000000078e100000, 0x000000078e100000, 0x000000078e200000|  0%| F|  |TAMS 0x000000078e100000, 0x000000078e100000| Untracked 
| 226|0x000000078e200000, 0x000000078e200000, 0x000000078e300000|  0%| F|  |TAMS 0x000000078e200000, 0x000000078e200000| Untracked 
| 227|0x000000078e300000, 0x000000078e300000, 0x000000078e400000|  0%| F|  |TAMS 0x000000078e300000, 0x000000078e300000| Untracked 
| 228|0x000000078e400000, 0x000000078e400000, 0x000000078e500000|  0%| F|  |TAMS 0x000000078e400000, 0x000000078e400000| Untracked 
| 229|0x000000078e500000, 0x000000078e500000, 0x000000078e600000|  0%| F|  |TAMS 0x000000078e500000, 0x000000078e500000| Untracked 
| 230|0x000000078e600000, 0x000000078e600000, 0x000000078e700000|  0%| F|  |TAMS 0x000000078e600000, 0x000000078e600000| Untracked 
| 231|0x000000078e700000, 0x000000078e700000, 0x000000078e800000|  0%| F|  |TAMS 0x000000078e700000, 0x000000078e700000| Untracked 
| 232|0x000000078e800000, 0x000000078e800000, 0x000000078e900000|  0%| F|  |TAMS 0x000000078e800000, 0x000000078e800000| Untracked 
| 233|0x000000078e900000, 0x000000078e900000, 0x000000078ea00000|  0%| F|  |TAMS 0x000000078e900000, 0x000000078e900000| Untracked 
| 234|0x000000078ea00000, 0x000000078ea00000, 0x000000078eb00000|  0%| F|  |TAMS 0x000000078ea00000, 0x000000078ea00000| Untracked 
| 235|0x000000078eb00000, 0x000000078eb00000, 0x000000078ec00000|  0%| F|  |TAMS 0x000000078eb00000, 0x000000078eb00000| Untracked 
| 236|0x000000078ec00000, 0x000000078ec00000, 0x000000078ed00000|  0%| F|  |TAMS 0x000000078ec00000, 0x000000078ec00000| Untracked 
| 237|0x000000078ed00000, 0x000000078ed00000, 0x000000078ee00000|  0%| F|  |TAMS 0x000000078ed00000, 0x000000078ed00000| Untracked 
| 238|0x000000078ee00000, 0x000000078ee00000, 0x000000078ef00000|  0%| F|  |TAMS 0x000000078ee00000, 0x000000078ee00000| Untracked 
| 239|0x000000078ef00000, 0x000000078ef00000, 0x000000078f000000|  0%| F|  |TAMS 0x000000078ef00000, 0x000000078ef00000| Untracked 
| 240|0x000000078f000000, 0x000000078f000000, 0x000000078f100000|  0%| F|  |TAMS 0x000000078f000000, 0x000000078f000000| Untracked 
| 241|0x000000078f100000, 0x000000078f100000, 0x000000078f200000|  0%| F|  |TAMS 0x000000078f100000, 0x000000078f100000| Untracked 
| 242|0x000000078f200000, 0x000000078f200000, 0x000000078f300000|  0%| F|  |TAMS 0x000000078f200000, 0x000000078f200000| Untracked 
| 243|0x000000078f300000, 0x000000078f300000, 0x000000078f400000|  0%| F|  |TAMS 0x000000078f300000, 0x000000078f300000| Untracked 
| 244|0x000000078f400000, 0x000000078f400000, 0x000000078f500000|  0%| F|  |TAMS 0x000000078f400000, 0x000000078f400000| Untracked 
| 245|0x000000078f500000, 0x000000078f500000, 0x000000078f600000|  0%| F|  |TAMS 0x000000078f500000, 0x000000078f500000| Untracked 
| 246|0x000000078f600000, 0x000000078f600000, 0x000000078f700000|  0%| F|  |TAMS 0x000000078f600000, 0x000000078f600000| Untracked 
| 247|0x000000078f700000, 0x000000078f700000, 0x000000078f800000|  0%| F|  |TAMS 0x000000078f700000, 0x000000078f700000| Untracked 
| 248|0x000000078f800000, 0x000000078f800000, 0x000000078f900000|  0%| F|  |TAMS 0x000000078f800000, 0x000000078f800000| Untracked 
| 249|0x000000078f900000, 0x000000078f900000, 0x000000078fa00000|  0%| F|  |TAMS 0x000000078f900000, 0x000000078f900000| Untracked 
| 250|0x000000078fa00000, 0x000000078fa00000, 0x000000078fb00000|  0%| F|  |TAMS 0x000000078fa00000, 0x000000078fa00000| Untracked 
| 251|0x000000078fb00000, 0x000000078fb00000, 0x000000078fc00000|  0%| F|  |TAMS 0x000000078fb00000, 0x000000078fb00000| Untracked 
| 252|0x000000078fc00000, 0x000000078fc00000, 0x000000078fd00000|  0%| F|  |TAMS 0x000000078fc00000, 0x000000078fc00000| Untracked 
| 253|0x000000078fd00000, 0x000000078fd00000, 0x000000078fe00000|  0%| F|  |TAMS 0x000000078fd00000, 0x000000078fd00000| Untracked 
| 254|0x000000078fe00000, 0x000000078fe00000, 0x000000078ff00000|  0%| F|  |TAMS 0x000000078fe00000, 0x000000078fe00000| Untracked 
| 255|0x000000078ff00000, 0x0000000790000000, 0x0000000790000000|100%| E|  |TAMS 0x000000078ff00000, 0x000000078ff00000| Complete 

Card table byte_map: [0x000000010fa32000,0x000000010fe32000] _byte_map_base: 0x000000010be32000

Marking Bits (Prev, Next): (CMBitMap*) 0x00007f922181b418, (CMBitMap*) 0x00007f922181b450
 Prev Bits: [0x0000000110232000, 0x0000000112232000)
 Next Bits: [0x0000000112232000, 0x0000000114232000)

Polling page: 0x0000000108ffc000

Metaspace:

Usage:
  Non-class:     17.99 MB capacity,    17.61 MB ( 98%) used,   347.50 KB (  2%) free+waste,    38.25 KB ( <1%) overhead. 
      Class:      2.66 MB capacity,     2.46 MB ( 93%) used,   182.00 KB (  7%) free+waste,    19.00 KB ( <1%) overhead. 
       Both:     20.65 MB capacity,    20.08 MB ( 97%) used,   529.50 KB (  3%) free+waste,    57.25 KB ( <1%) overhead. 

Virtual space:
  Non-class space:       20.00 MB reserved,      18.25 MB ( 91%) committed 
      Class space:        1.00 GB reserved,       2.75 MB ( <1%) committed 
             Both:        1.02 GB reserved,      21.00 MB (  2%) committed 

Chunk freelists:
   Non-Class:  121.00 KB
       Class:  29.00 KB
        Both:  150.00 KB

MaxMetaspaceSize: unlimited
CompressedClassSpaceSize: 1.00 GB

CodeHeap 'non-profiled nmethods': size=120032Kb used=838Kb max_used=838Kb free=119193Kb
 bounds [0x000000011d126000, 0x000000011d396000, 0x000000012465e000]
CodeHeap 'profiled nmethods': size=120028Kb used=3744Kb max_used=3744Kb free=116283Kb
 bounds [0x0000000115bef000, 0x0000000115f9f000, 0x000000011d126000]
CodeHeap 'non-nmethods': size=5700Kb used=1128Kb max_used=1170Kb free=4571Kb
 bounds [0x000000011565e000, 0x00000001158ce000, 0x0000000115bef000]
 total_blobs=2275 nmethods=1810 adapters=377
 compilation: enabled
              stopped_count=0, restarted_count=0
 full_count=0

Compilation events (20 events):
Event: 2.316 Thread 0x00007f922187f000 nmethod 1796 0x000000011d1f5b90 code [0x000000011d1f5d20, 0x000000011d1f5ff8]
Event: 2.316 Thread 0x00007f922187f000 1798       4       jdk.internal.org.objectweb.asm.ByteVector::putByte (39 bytes)
Event: 2.316 Thread 0x00007f9224000800 nmethod 1802 0x0000000115f8c210 code [0x0000000115f8c460, 0x0000000115f8cbb0]
Event: 2.317 Thread 0x00007f922187f000 nmethod 1798 0x000000011d1f6190 code [0x000000011d1f6340, 0x000000011d1f6468]
Event: 2.321 Thread 0x00007f9224000800 1804       3       sun.invoke.util.VerifyAccess::isSamePackage (32 bytes)
Event: 2.322 Thread 0x00007f9224000800 nmethod 1804 0x0000000115f8ce90 code [0x0000000115f8d1a0, 0x0000000115f8e4c0]
Event: 2.322 Thread 0x00007f9224000800 1805       3       java.lang.invoke.DirectMethodHandle::preparedLambdaForm (31 bytes)
Event: 2.323 Thread 0x00007f9224000800 nmethod 1805 0x0000000115f8ea90 code [0x0000000115f8ec80, 0x0000000115f8eea0]
Event: 2.324 Thread 0x00007f9224000800 1806       3       java.lang.invoke.VarHandleGuards::guard_LL_V (103 bytes)
Event: 2.326 Thread 0x00007f9224000800 nmethod 1806 0x0000000115f8f010 code [0x0000000115f8f380, 0x0000000115f90fe0]
Event: 2.326 Thread 0x00007f9224000800 1807       3       java.lang.invoke.VarHandleObjects$FieldInstanceReadWrite::set (30 bytes)
Event: 2.326 Thread 0x00007f9224000800 nmethod 1807 0x0000000115f91890 code [0x0000000115f91ac0, 0x0000000115f92200]
Event: 2.326 Thread 0x00007f922187f000 1808       4       java.lang.StringLatin1::toLowerCase (180 bytes)
Event: 2.327 Thread 0x00007f9224000800 1810       3       jdk.internal.org.objectweb.asm.MethodWriter::visitMaxs (1144 bytes)
Event: 2.340 Thread 0x00007f9224000800 nmethod 1810 0x0000000115f92510 code [0x0000000115f92a20, 0x0000000115f954a0]
Event: 2.340 Thread 0x00007f9224000800 1811       3       jdk.internal.org.objectweb.asm.MethodWriter::visitEnd (1 bytes)
Event: 2.341 Thread 0x00007f9224000800 nmethod 1811 0x0000000115f96e10 code [0x0000000115f96fc0, 0x0000000115f970b0]
Event: 2.341 Thread 0x00007f9224000800 1812       3       jdk.internal.org.objectweb.asm.MethodWriter::getSize (838 bytes)
Event: 2.343 Thread 0x00007f922187f000 nmethod 1808 0x000000011d1f6b90 code [0x000000011d1f6d60, 0x000000011d1f75b8]
Event: 2.343 Thread 0x00007f922187f000 1809       4       jdk.internal.org.objectweb.asm.ClassWriter::newUTF8 (70 bytes)

GC Heap History (4 events):
Event: 0.823 GC heap before
{Heap before GC invocations=0 (full 0):
 garbage-first heap   total 262144K, used 29696K [0x0000000780000000, 0x0000000800000000)
  region size 1024K, 24 young (24576K), 0 survivors (0K)
 Metaspace       used 10058K, capacity 10312K, committed 10624K, reserved 1058816K
  class space    used 1049K, capacity 1140K, committed 1152K, reserved 1048576K
}
Event: 0.829 GC heap after
{Heap after GC invocations=1 (full 0):
 garbage-first heap   total 262144K, used 9453K [0x0000000780000000, 0x0000000800000000)
  region size 1024K, 3 young (3072K), 3 survivors (3072K)
 Metaspace       used 10058K, capacity 10312K, committed 10624K, reserved 1058816K
  class space    used 1049K, capacity 1140K, committed 1152K, reserved 1048576K
}
Event: 2.329 GC heap before
{Heap before GC invocations=1 (full 0):
 garbage-first heap   total 262144K, used 98541K [0x0000000780000000, 0x0000000800000000)
  region size 1024K, 91 young (93184K), 3 survivors (3072K)
 Metaspace       used 20541K, capacity 21050K, committed 21248K, reserved 1067008K
  class space    used 2518K, capacity 2691K, committed 2816K, reserved 1048576K
}
Event: 2.340 GC heap after
{Heap after GC invocations=2 (full 0):
 garbage-first heap   total 262144K, used 16706K [0x0000000780000000, 0x0000000800000000)
  region size 1024K, 11 young (11264K), 11 survivors (11264K)
 Metaspace       used 20541K, capacity 21050K, committed 21248K, reserved 1067008K
  class space    used 2518K, capacity 2691K, committed 2816K, reserved 1048576K
}

Deoptimization events (20 events):
Event: 2.267 Thread 0x00007f9225413000 Uncommon trap: trap_request=0xffffff4d fr.pc=0x000000011d171e20 relative=0x0000000000000160
Event: 2.267 Thread 0x00007f9225413000 Uncommon trap: reason=unstable_if action=reinterpret pc=0x000000011d171e20 method=java.io.UnixFileSystem.normalize(Ljava/lang/String;)Ljava/lang/String; @ 60 c2
Event: 2.267 Thread 0x00007f9225413000 DEOPT PACKING pc=0x000000011d171e20 sp=0x0000700006117420
Event: 2.267 Thread 0x00007f9225413000 DEOPT UNPACKING pc=0x0000000115684ba5 sp=0x00007000061173c8 mode 2
Event: 2.267 Thread 0x00007f9225413000 Uncommon trap: trap_request=0xffffffc6 fr.pc=0x000000011d18cc24 relative=0x0000000000000084
Event: 2.267 Thread 0x00007f9225413000 Uncommon trap: reason=bimorphic_or_optimized_type_check action=maybe_recompile pc=0x000000011d18cc24 method=java.util.AbstractList$Itr.hasNext()Z @ 8 c2
Event: 2.267 Thread 0x00007f9225413000 DEOPT PACKING pc=0x000000011d18cc24 sp=0x0000700006116c70
Event: 2.267 Thread 0x00007f9225413000 DEOPT UNPACKING pc=0x0000000115684ba5 sp=0x0000700006116c28 mode 2
Event: 2.267 Thread 0x00007f9225413000 Uncommon trap: trap_request=0xffffffc6 fr.pc=0x000000011d18cfe4 relative=0x0000000000000124
Event: 2.267 Thread 0x00007f9225413000 Uncommon trap: reason=bimorphic_or_optimized_type_check action=maybe_recompile pc=0x000000011d18cfe4 method=java.util.AbstractList$Itr.next()Ljava/lang/Object; @ 14 c2
Event: 2.267 Thread 0x00007f9225413000 DEOPT PACKING pc=0x000000011d18cfe4 sp=0x0000700006116c60
Event: 2.267 Thread 0x00007f9225413000 DEOPT UNPACKING pc=0x0000000115684ba5 sp=0x0000700006116c18 mode 2
Event: 2.268 Thread 0x00007f9225413000 Uncommon trap: trap_request=0xffffff4d fr.pc=0x000000011d186304 relative=0x00000000000005c4
Event: 2.268 Thread 0x00007f9225413000 Uncommon trap: reason=unstable_if action=reinterpret pc=0x000000011d186304 method=java.io.File.getName()Ljava/lang/String; @ 16 c2
Event: 2.268 Thread 0x00007f9225413000 DEOPT PACKING pc=0x000000011d186304 sp=0x00007000061172b0
Event: 2.268 Thread 0x00007f9225413000 DEOPT UNPACKING pc=0x0000000115684ba5 sp=0x0000700006117280 mode 2
Event: 2.268 Thread 0x00007f9225413000 Uncommon trap: trap_request=0xffffff4d fr.pc=0x000000011d17f524 relative=0x0000000000000464
Event: 2.268 Thread 0x00007f9225413000 Uncommon trap: reason=unstable_if action=reinterpret pc=0x000000011d17f524 method=java.lang.String.substring(I)Ljava/lang/String; @ 34 c2
Event: 2.268 Thread 0x00007f9225413000 DEOPT PACKING pc=0x000000011d17f524 sp=0x0000700006117230
Event: 2.268 Thread 0x00007f9225413000 DEOPT UNPACKING pc=0x0000000115684ba5 sp=0x0000700006117208 mode 2

Classes redefined (0 events):
No events

Internal exceptions (20 events):
Event: 1.797 Thread 0x00007f92252b0000 Exception <a 'java/lang/NoSuchMethodError'{0x000000078c728a18}: <clinit>> (0x000000078c728a18) thrown at [src/hotspot/share/prims/jni.cpp, line 1362]
Event: 1.799 Thread 0x00007f92252b0000 Exception <a 'java/lang/NoSuchMethodError'{0x000000078c73e228}: <clinit>> (0x000000078c73e228) thrown at [src/hotspot/share/prims/jni.cpp, line 1362]
Event: 1.815 Thread 0x00007f92252b0000 Exception <a 'java/lang/NoSuchMethodError'{0x000000078c796fa8}: <clinit>> (0x000000078c796fa8) thrown at [src/hotspot/share/prims/jni.cpp, line 1362]
Event: 1.821 Thread 0x00007f92252b0000 Exception <a 'java/lang/NoSuchMethodError'{0x000000078c7d2ca0}: <clinit>> (0x000000078c7d2ca0) thrown at [src/hotspot/share/prims/jni.cpp, line 1362]
Event: 1.828 Thread 0x00007f92252b0000 Exception <a 'java/lang/NoSuchMethodError'{0x000000078c605e28}: <clinit>> (0x000000078c605e28) thrown at [src/hotspot/share/prims/jni.cpp, line 1362]
Event: 1.928 Thread 0x00007f9225413000 Exception <a 'java/lang/NoSuchMethodError'{0x000000078c391650}: 'void java.lang.invoke.DirectMethodHandle$Holder.invokeVirtual(java.lang.Object, java.lang.Object, java.lang.Object, java.lang.Object)'> (0x000000078c391650) thrown at [src/hotspot/share/interpreter/linkResolver.cpp, line 773]
Event: 1.930 Thread 0x00007f9225413000 Exception <a 'java/lang/NoSuchMethodError'{0x000000078c39e0b8}: 'void java.lang.invoke.DelegatingMethodHandle$Holder.reinvoke_L(java.lang.Object, java.lang.Object, java.lang.Object, java.lang.Object)'> (0x000000078c39e0b8) thrown at [src/hotspot/share/interpreter/linkResolver.cpp, line 773]
Event: 1.934 Thread 0x00007f9225413000 Exception <a 'java/lang/NoSuchMethodError'{0x000000078c3cea28}: 'long java.lang.invoke.DirectMethodHandle$Holder.invokeInterface(java.lang.Object, java.lang.Object)'> (0x000000078c3cea28) thrown at [src/hotspot/share/interpreter/linkResolver.cpp, line 773]
Event: 1.939 Thread 0x00007f9225413000 Exception <a 'java/lang/NoSuchMethodError'{0x000000078c3f16a0}: 'void java.lang.invoke.DelegatingMethodHandle$Holder.reinvoke_L(java.lang.Object, java.lang.Object, java.lang.Object, java.lang.Object, java.lang.Object, java.lang.Object, java.lang.Object)'> (0x000000078c3f16a0) thrown at [src/hotspot/share/interpreter/linkResolver.cpp, line 773]
Event: 2.140 Thread 0x00007f9225413000 Exception <a 'java/lang/NoSuchMethodError'{0x000000078b213a88}: 'java.lang.Object java.lang.invoke.DirectMethodHandle$Holder.invokeVirtual(java.lang.Object, java.lang.Object, java.lang.Object)'> (0x000000078b213a88) thrown at [src/hotspot/share/interpreter/linkResolver.cpp, line 773]
Event: 2.181 Thread 0x00007f9225413000 Exception <a 'java/lang/NoSuchMethodError'{0x000000078afbbb50}: 'void java.lang.invoke.DirectMethodHandle$Holder.invokeInterface(java.lang.Object, java.lang.Object)'> (0x000000078afbbb50) thrown at [src/hotspot/share/interpreter/linkResolver.cpp, line 773]
Event: 2.182 Thread 0x00007f9225413000 Exception <a 'java/lang/IncompatibleClassChangeError'{0x000000078afbed00}: Found class java.lang.Object, but interface was expected> (0x000000078afbed00) thrown at [src/hotspot/share/interpreter/linkResolver.cpp, line 839]
Event: 2.198 Thread 0x00007f9225413000 Exception <a 'java/lang/NoSuchMethodError'{0x000000078ad33140}: 'void java.lang.invoke.DirectMethodHandle$Holder.invokeStaticInit(java.lang.Object)'> (0x000000078ad33140) thrown at [src/hotspot/share/interpreter/linkResolver.cpp, line 773]
Event: 2.235 Thread 0x00007f9225413000 Exception <a 'java/lang/NoSuchMethodError'{0x000000078abab650}: 'java.lang.Object java.lang.invoke.DirectMethodHandle$Holder.invokeStatic(java.lang.Object, java.lang.Object, java.lang.Object, int)'> (0x000000078abab650) thrown at [src/hotspot/share/interpreter/linkResolver.cpp, line 773]
Event: 2.236 Thread 0x00007f9225413000 Exception <a 'java/lang/NoSuchMethodError'{0x000000078abaf818}: 'java.lang.Object java.lang.invoke.DirectMethodHandle$Holder.invokeSpecial(java.lang.Object, java.lang.Object, java.lang.Object, java.lang.Object, int)'> (0x000000078abaf818) thrown at [src/hotspot/share/interpreter/linkResolver.cpp, line 773]
Event: 2.236 Thread 0x00007f9225413000 Exception <a 'java/lang/NoSuchMethodError'{0x000000078abb3200}: 'java.lang.Object java.lang.invoke.Invokers$Holder.linkToTargetMethod(java.lang.Object, java.lang.Object, int, java.lang.Object)'> (0x000000078abb3200) thrown at [src/hotspot/share/interpreter/linkResolver.cpp, line 773]
Event: 2.311 Thread 0x00007f9225413000 Exception <a 'java/lang/NoSuchMethodError'{0x000000078a680f40}: 'int java.lang.invoke.DirectMethodHandle$Holder.invokeSpecialIFC(java.lang.Object, java.lang.Object, java.lang.Object, java.lang.Object)'> (0x000000078a680f40) thrown at [src/hotspot/share/interpreter/linkResolver.cpp, line 773]
Event: 2.312 Thread 0x00007f9225413000 Exception <a 'java/lang/NoSuchMethodError'{0x000000078a68ef48}: 'java.lang.Object java.lang.invoke.DirectMethodHandle$Holder.invokeInterface(java.lang.Object, java.lang.Object, java.lang.Object)'> (0x000000078a68ef48) thrown at [src/hotspot/share/interpreter/linkResolver.cpp, line 773]
Event: 2.312 Thread 0x00007f9225413000 Exception <a 'java/lang/IncompatibleClassChangeError'{0x000000078a692420}: Found class java.lang.Object, but interface was expected> (0x000000078a692420) thrown at [src/hotspot/share/interpreter/linkResolver.cpp, line 839]
Event: 2.321 Thread 0x00007f9225413000 Exception <a 'java/lang/NoSuchMethodError'{0x000000078a547ca8}: 'void java.lang.invoke.DirectMethodHandle$Holder.invokeStatic(java.lang.Object, java.lang.Object, java.lang.Object, java.lang.Object, java.lang.Object)'> (0x000000078a547ca8) thrown at [src/hotspot/share/interpreter/linkResolver.cpp, line 773]

Events (20 events):
Event: 2.342 Executing VM operation: RevokeBias done
Event: 2.342 Executing VM operation: RevokeBias
Event: 2.342 Executing VM operation: RevokeBias done
Event: 2.342 Executing VM operation: RevokeBias
Event: 2.342 Executing VM operation: RevokeBias done
Event: 2.342 Executing VM operation: RevokeBias
Event: 2.342 Executing VM operation: RevokeBias done
Event: 2.342 Executing VM operation: RevokeBias
Event: 2.342 Executing VM operation: RevokeBias done
Event: 2.342 Executing VM operation: RevokeBias
Event: 2.342 Executing VM operation: RevokeBias done
Event: 2.342 Executing VM operation: BulkRevokeBias
Event: 2.343 Executing VM operation: BulkRevokeBias done
Event: 2.343 loading class org/gradle/api/internal/file/collections/ManagedFactories$ConfigurableFileCollectionManagedFactory
Event: 2.343 loading class org/gradle/api/internal/file/collections/ManagedFactories$ConfigurableFileCollectionManagedFactory done
Event: 2.344 loading class org/gradle/api/internal/file/ManagedFactories$RegularFileManagedFactory
Event: 2.344 loading class org/gradle/api/internal/file/ManagedFactories$RegularFileManagedFactory done
Event: 2.344 loading class org/gradle/api/internal/file/ManagedFactories$RegularFilePropertyManagedFactory
Event: 2.344 loading class org/gradle/api/internal/file/ManagedFactories$RegularFilePropertyManagedFactory done
Event: 2.345 Executing VM operation: CGC_Operation


Dynamic libraries:
0x00007fff42df2000 	/System/Library/Frameworks/Cocoa.framework/Versions/A/Cocoa
0x00007fff4eb96000 	/System/Library/Frameworks/Security.framework/Versions/A/Security
0x00007fff41a85000 	/System/Library/Frameworks/ApplicationServices.framework/Versions/A/ApplicationServices
0x0000000108f70000 	/Applications/Android Studio.app/Contents/jre/Contents/Home/lib/jli/libjli.dylib
0x00007fff6c62e000 	/usr/lib/libSystem.B.dylib
0x00007fff40c7e000 	/System/Library/Frameworks/AppKit.framework/Versions/C/AppKit
0x00007fff431f0000 	/System/Library/Frameworks/CoreData.framework/Versions/A/CoreData
0x00007fff458e9000 	/System/Library/Frameworks/Foundation.framework/Versions/C/Foundation
0x00007fff660f4000 	/System/Library/PrivateFrameworks/RemoteViewServices.framework/Versions/A/RemoteViewServices
0x00007fff6a36b000 	/System/Library/PrivateFrameworks/UIFoundation.framework/Versions/A/UIFoundation
0x00007fff6ba4f000 	/System/Library/PrivateFrameworks/XCTTargetBootstrap.framework/Versions/A/XCTTargetBootstrap
0x00007fff43576000 	/System/Library/Frameworks/CoreDisplay.framework/Versions/A/CoreDisplay
0x00007fff60ddd000 	/System/Library/PrivateFrameworks/IconServices.framework/Versions/A/IconServices
0x00007fff4820a000 	/System/Library/Frameworks/Metal.framework/Versions/A/Metal
0x00007fff58322000 	/System/Library/PrivateFrameworks/DesktopServicesPriv.framework/Versions/A/DesktopServicesPriv
0x00007fff6d1c8000 	/usr/lib/libenergytrace.dylib
0x00007fff68852000 	/System/Library/PrivateFrameworks/SkyLight.framework/Versions/A/SkyLight
0x00007fff43aad000 	/System/Library/Frameworks/CoreGraphics.framework/Versions/A/CoreGraphics
0x00007fff3fa4a000 	/System/Library/Frameworks/Accelerate.framework/Versions/A/Accelerate
0x00007fff46032000 	/System/Library/Frameworks/IOSurface.framework/Versions/A/IOSurface
0x00007fff5818e000 	/System/Library/PrivateFrameworks/DFRFoundation.framework/Versions/A/DFRFoundation
0x00007fff41f68000 	/System/Library/Frameworks/AudioToolbox.framework/Versions/A/AudioToolbox
0x00007fff421e1000 	/System/Library/Frameworks/AudioUnit.framework/Versions/A/AudioUnit
0x00007fff58223000 	/System/Library/PrivateFrameworks/DataDetectorsCore.framework/Versions/A/DataDetectorsCore
0x00007fff428f5000 	/System/Library/Frameworks/Carbon.framework/Versions/A/Frameworks/HIToolbox.framework/Versions/A/HIToolbox
0x00007fff6d321000 	/usr/lib/libicucore.A.dylib
0x00007fff6ecd4000 	/usr/lib/libz.1.dylib
0x00007fff4e109000 	/System/Library/Frameworks/QuartzCore.framework/Versions/A/QuartzCore
0x00007fff42cca000 	/System/Library/Frameworks/Carbon.framework/Versions/A/Frameworks/SpeechRecognition.framework/Versions/A/SpeechRecognition
0x00007fff6c782000 	/usr/lib/libauto.dylib
0x00007fff6ebc8000 	/usr/lib/libxml2.2.dylib
0x00007fff57d69000 	/System/Library/PrivateFrameworks/CoreUI.framework/Versions/A/CoreUI
0x00007fff430db000 	/System/Library/Frameworks/CoreAudio.framework/Versions/A/CoreAudio
0x00007fff4571e000 	/System/Library/Frameworks/DiskArbitration.framework/Versions/A/DiskArbitration
0x00007fff6d5cf000 	/usr/lib/liblangid.dylib
0x00007fff62239000 	/System/Library/PrivateFrameworks/MultitouchSupport.framework/Versions/A/MultitouchSupport
0x00007fff45fa1000 	/System/Library/Frameworks/IOKit.framework/Versions/A/IOKit
0x00007fff6c1ee000 	/usr/lib/libDiagnosticMessagesClient.dylib
0x00007fff448bc000 	/System/Library/Frameworks/CoreServices.framework/Versions/A/CoreServices
0x00007fff63ef3000 	/System/Library/PrivateFrameworks/PerformanceAnalysis.framework/Versions/A/PerformanceAnalysis
0x00007fff4d2f7000 	/System/Library/Frameworks/OpenGL.framework/Versions/A/OpenGL
0x00007fff6de65000 	/usr/lib/libobjc.A.dylib
0x00007fff42e00000 	/System/Library/Frameworks/ColorSync.framework/Versions/A/ColorSync
0x00007fff43667000 	/System/Library/Frameworks/CoreFoundation.framework/Versions/A/CoreFoundation
0x00007fff4413e000 	/System/Library/Frameworks/CoreImage.framework/Versions/A/CoreImage
0x00007fff45294000 	/System/Library/Frameworks/CoreText.framework/Versions/A/CoreText
0x00007fff46095000 	/System/Library/Frameworks/ImageIO.framework/Versions/A/ImageIO
0x00007fff543bb000 	/System/Library/PrivateFrameworks/Backup.framework/Versions/A/Backup
0x00007fff6c6d5000 	/usr/lib/libarchive.2.dylib
0x00007fff4253a000 	/System/Library/Frameworks/CFNetwork.framework/Versions/A/CFNetwork
0x00007fff4f2f2000 	/System/Library/Frameworks/SystemConfiguration.framework/Versions/A/SystemConfiguration
0x00007fff6c11f000 	/usr/lib/libCRFSuite.dylib
0x00007fff6c871000 	/usr/lib/libc++.1.dylib
0x00007fff6c8c5000 	/usr/lib/libc++abi.dylib
0x00007fff6f4ca000 	/usr/lib/system/libcache.dylib
0x00007fff6f4cf000 	/usr/lib/system/libcommonCrypto.dylib
0x00007fff6f4da000 	/usr/lib/system/libcompiler_rt.dylib
0x00007fff6f4e2000 	/usr/lib/system/libcopyfile.dylib
0x00007fff6f4ec000 	/usr/lib/system/libcorecrypto.dylib
0x00007fff6f5f7000 	/usr/lib/system/libdispatch.dylib
0x00007fff6f631000 	/usr/lib/system/libdyld.dylib
0x00007fff6f65e000 	/usr/lib/system/libkeymgr.dylib
0x00007fff6f66c000 	/usr/lib/system/liblaunch.dylib
0x00007fff6f66d000 	/usr/lib/system/libmacho.dylib
0x00007fff6f673000 	/usr/lib/system/libquarantine.dylib
0x00007fff6f676000 	/usr/lib/system/libremovefile.dylib
0x00007fff6f678000 	/usr/lib/system/libsystem_asl.dylib
0x00007fff6f690000 	/usr/lib/system/libsystem_blocks.dylib
0x00007fff6f691000 	/usr/lib/system/libsystem_c.dylib
0x00007fff6f719000 	/usr/lib/system/libsystem_configuration.dylib
0x00007fff6f71d000 	/usr/lib/system/libsystem_coreservices.dylib
0x00007fff6f721000 	/usr/lib/system/libsystem_darwin.dylib
0x00007fff6f728000 	/usr/lib/system/libsystem_dnssd.dylib
0x00007fff6f72f000 	/usr/lib/system/libsystem_info.dylib
0x00007fff6f7a4000 	/usr/lib/system/libsystem_m.dylib
0x00007fff6f7f0000 	/usr/lib/system/libsystem_malloc.dylib
0x00007fff6f81b000 	/usr/lib/system/libsystem_networkextension.dylib
0x00007fff6f826000 	/usr/lib/system/libsystem_notify.dylib
0x00007fff6f843000 	/usr/lib/system/libsystem_sandbox.dylib
0x00007fff6f847000 	/usr/lib/system/libsystem_secinit.dylib
0x00007fff6f77b000 	/usr/lib/system/libsystem_kernel.dylib
0x00007fff6f82e000 	/usr/lib/system/libsystem_platform.dylib
0x00007fff6f838000 	/usr/lib/system/libsystem_pthread.dylib
0x00007fff6f84a000 	/usr/lib/system/libsystem_symptoms.dylib
0x00007fff6f852000 	/usr/lib/system/libsystem_trace.dylib
0x00007fff6f869000 	/usr/lib/system/libunwind.dylib
0x00007fff6f86f000 	/usr/lib/system/libxpc.dylib
0x00007fff6c852000 	/usr/lib/libbsm.0.dylib
0x00007fff6f65f000 	/usr/lib/system/libkxld.dylib
0x00007fff537ac000 	/System/Library/PrivateFrameworks/AppleFSCompression.framework/Versions/A/AppleFSCompression
0x00007fff6c4ee000 	/usr/lib/libOpenScriptingUtil.dylib
0x00007fff6cb7a000 	/usr/lib/libcoretls.dylib
0x00007fff6cb91000 	/usr/lib/libcoretls_cfhelpers.dylib
0x00007fff6e5fc000 	/usr/lib/libpam.2.dylib
0x00007fff6e7bc000 	/usr/lib/libsqlite3.dylib
0x00007fff6ebb6000 	/usr/lib/libxar.1.dylib
0x00007fff6c863000 	/usr/lib/libbz2.1.0.dylib
0x00007fff6d5d1000 	/usr/lib/liblzma.5.dylib
0x00007fff6da82000 	/usr/lib/libnetwork.dylib
0x00007fff6c6be000 	/usr/lib/libapple_nghttp2.dylib
0x00007fff6e603000 	/usr/lib/libpcap.A.dylib
0x00007fff44c5b000 	/System/Library/Frameworks/CoreServices.framework/Versions/A/Frameworks/FSEvents.framework/Versions/A/FSEvents
0x00007fff4493a000 	/System/Library/Frameworks/CoreServices.framework/Versions/A/Frameworks/CarbonCore.framework/Versions/A/CarbonCore
0x00007fff44e16000 	/System/Library/Frameworks/CoreServices.framework/Versions/A/Frameworks/Metadata.framework/Versions/A/Metadata
0x00007fff44eb5000 	/System/Library/Frameworks/CoreServices.framework/Versions/A/Frameworks/OSServices.framework/Versions/A/OSServices
0x00007fff44f00000 	/System/Library/Frameworks/CoreServices.framework/Versions/A/Frameworks/SearchKit.framework/Versions/A/SearchKit
0x00007fff448bd000 	/System/Library/Frameworks/CoreServices.framework/Versions/A/Frameworks/AE.framework/Versions/A/AE
0x00007fff44c64000 	/System/Library/Frameworks/CoreServices.framework/Versions/A/Frameworks/LaunchServices.framework/Versions/A/LaunchServices
0x00007fff44c12000 	/System/Library/Frameworks/CoreServices.framework/Versions/A/Frameworks/DictionaryServices.framework/Versions/A/DictionaryServices
0x00007fff44f68000 	/System/Library/Frameworks/CoreServices.framework/Versions/A/Frameworks/SharedFileList.framework/Versions/A/SharedFileList
0x00007fff492d2000 	/System/Library/Frameworks/NetFS.framework/Versions/A/NetFS
0x00007fff6249f000 	/System/Library/PrivateFrameworks/NetAuth.framework/Versions/A/NetAuth
0x00007fff6be53000 	/System/Library/PrivateFrameworks/login.framework/Versions/A/Frameworks/loginsupport.framework/Versions/A/loginsupport
0x00007fff69f74000 	/System/Library/PrivateFrameworks/TCC.framework/Versions/A/TCC
0x00007fff573c6000 	/System/Library/PrivateFrameworks/CoreNLP.framework/Versions/A/CoreNLP
0x00007fff61ee3000 	/System/Library/PrivateFrameworks/MetadataUtilities.framework/Versions/A/MetadataUtilities
0x00007fff6d6a6000 	/usr/lib/libmecabra.dylib
0x00007fff41a86000 	/System/Library/Frameworks/ApplicationServices.framework/Versions/A/Frameworks/ATS.framework/Versions/A/ATS
0x00007fff41dd5000 	/System/Library/Frameworks/ApplicationServices.framework/Versions/A/Frameworks/ColorSyncLegacy.framework/Versions/A/ColorSyncLegacy
0x00007fff41e74000 	/System/Library/Frameworks/ApplicationServices.framework/Versions/A/Frameworks/HIServices.framework/Versions/A/HIServices
0x00007fff41ec7000 	/System/Library/Frameworks/ApplicationServices.framework/Versions/A/Frameworks/LangAnalysis.framework/Versions/A/LangAnalysis
0x00007fff41ed7000 	/System/Library/Frameworks/ApplicationServices.framework/Versions/A/Frameworks/PrintCore.framework/Versions/A/PrintCore
0x00007fff41f21000 	/System/Library/Frameworks/ApplicationServices.framework/Versions/A/Frameworks/QD.framework/Versions/A/QD
0x00007fff41f5b000 	/System/Library/Frameworks/ApplicationServices.framework/Versions/A/Frameworks/SpeechSynthesis.framework/Versions/A/SpeechSynthesis
0x00007fff6c8ed000 	/usr/lib/libcompression.dylib
0x00007fff484da000 	/System/Library/Frameworks/MetalPerformanceShaders.framework/Versions/A/MetalPerformanceShaders
0x00007fff3fa62000 	/System/Library/Frameworks/Accelerate.framework/Versions/A/Frameworks/vImage.framework/Versions/A/vImage
0x00007fff40adc000 	/System/Library/Frameworks/Accelerate.framework/Versions/A/Frameworks/vecLib.framework/Versions/A/vecLib
0x00007fff40a28000 	/System/Library/Frameworks/Accelerate.framework/Versions/A/Frameworks/vecLib.framework/Versions/A/libvMisc.dylib
0x00007fff40840000 	/System/Library/Frameworks/Accelerate.framework/Versions/A/Frameworks/vecLib.framework/Versions/A/libvDSP.dylib
0x00007fff400fc000 	/System/Library/Frameworks/Accelerate.framework/Versions/A/Frameworks/vecLib.framework/Versions/A/libBLAS.dylib
0x00007fff403e9000 	/System/Library/Frameworks/Accelerate.framework/Versions/A/Frameworks/vecLib.framework/Versions/A/libLAPACK.dylib
0x00007fff40793000 	/System/Library/Frameworks/Accelerate.framework/Versions/A/Frameworks/vecLib.framework/Versions/A/libLinearAlgebra.dylib
0x00007fff4082c000 	/System/Library/Frameworks/Accelerate.framework/Versions/A/Frameworks/vecLib.framework/Versions/A/libSparseBLAS.dylib
0x00007fff407a9000 	/System/Library/Frameworks/Accelerate.framework/Versions/A/Frameworks/vecLib.framework/Versions/A/libQuadrature.dylib
0x00007fff40376000 	/System/Library/Frameworks/Accelerate.framework/Versions/A/Frameworks/vecLib.framework/Versions/A/libBNNS.dylib
0x00007fff407af000 	/System/Library/Frameworks/Accelerate.framework/Versions/A/Frameworks/vecLib.framework/Versions/A/libSparse.dylib
0x00007fff5e714000 	/System/Library/PrivateFrameworks/GPUWrangler.framework/Versions/A/GPUWrangler
0x00007fff60a12000 	/System/Library/PrivateFrameworks/IOAccelerator.framework/Versions/A/IOAccelerator
0x00007fff60a1d000 	/System/Library/PrivateFrameworks/IOPresentment.framework/Versions/A/IOPresentment
0x00007fff5819e000 	/System/Library/PrivateFrameworks/DSExternalDisplay.framework/Versions/A/DSExternalDisplay
0x00007fff4c74e000 	/System/Library/Frameworks/OpenGL.framework/Versions/A/Libraries/libCoreFSCache.dylib
0x00007fff482ce000 	/System/Library/Frameworks/MetalPerformanceShaders.framework/Frameworks/MPSCore.framework/Versions/A/MPSCore
0x00007fff482ee000 	/System/Library/Frameworks/MetalPerformanceShaders.framework/Frameworks/MPSImage.framework/Versions/A/MPSImage
0x00007fff48393000 	/System/Library/Frameworks/MetalPerformanceShaders.framework/Frameworks/MPSNeuralNetwork.framework/Versions/A/MPSNeuralNetwork
0x00007fff4836b000 	/System/Library/Frameworks/MetalPerformanceShaders.framework/Frameworks/MPSMatrix.framework/Versions/A/MPSMatrix
0x00007fff484bf000 	/System/Library/Frameworks/MetalPerformanceShaders.framework/Frameworks/MPSRayIntersector.framework/Versions/A/MPSRayIntersector
0x00007fff61f0c000 	/System/Library/PrivateFrameworks/MetalTools.framework/Versions/A/MetalTools
0x00007fff53054000 	/System/Library/PrivateFrameworks/AggregateDictionary.framework/Versions/A/AggregateDictionary
0x00007fff6c4ce000 	/usr/lib/libMobileGestalt.dylib
0x00007fff453f7000 	/System/Library/Frameworks/CoreVideo.framework/Versions/A/CoreVideo
0x00007fff5f525000 	/System/Library/PrivateFrameworks/GraphVisualizer.framework/Versions/A/GraphVisualizer
0x00007fff593a4000 	/System/Library/PrivateFrameworks/FaceCore.framework/Versions/A/FaceCore
0x00007fff4bd7c000 	/System/Library/Frameworks/OpenCL.framework/Versions/A/OpenCL
0x00007fff6c226000 	/usr/lib/libFosl_dynamic.dylib
0x00007fff62d0a000 	/System/Library/PrivateFrameworks/OTSVG.framework/Versions/A/OTSVG
0x00007fff41b8a000 	/System/Library/Frameworks/ApplicationServices.framework/Versions/A/Frameworks/ATS.framework/Versions/A/Resources/libFontParser.dylib
0x00007fff41ca2000 	/System/Library/Frameworks/ApplicationServices.framework/Versions/A/Frameworks/ATS.framework/Versions/A/Resources/libFontRegistry.dylib
0x00007fff46303000 	/System/Library/Frameworks/ImageIO.framework/Versions/A/Resources/libJPEG.dylib
0x00007fff46615000 	/System/Library/Frameworks/ImageIO.framework/Versions/A/Resources/libTIFF.dylib
0x00007fff465eb000 	/System/Library/Frameworks/ImageIO.framework/Versions/A/Resources/libPng.dylib
0x00007fff46221000 	/System/Library/Frameworks/ImageIO.framework/Versions/A/Resources/libGIF.dylib
0x00007fff46226000 	/System/Library/Frameworks/ImageIO.framework/Versions/A/Resources/libJP2.dylib
0x00007fff46612000 	/System/Library/Frameworks/ImageIO.framework/Versions/A/Resources/libRadiance.dylib
0x00007fff53903000 	/System/Library/PrivateFrameworks/AppleJPEG.framework/Versions/A/AppleJPEG
0x00007fff4c759000 	/System/Library/Frameworks/OpenGL.framework/Versions/A/Libraries/libGFXShared.dylib
0x00007fff4c91c000 	/System/Library/Frameworks/OpenGL.framework/Versions/A/Libraries/libGLU.dylib
0x00007fff4c762000 	/System/Library/Frameworks/OpenGL.framework/Versions/A/Libraries/libGL.dylib
0x00007fff4c76e000 	/System/Library/Frameworks/OpenGL.framework/Versions/A/Libraries/libGLImage.dylib
0x00007fff4c74b000 	/System/Library/Frameworks/OpenGL.framework/Versions/A/Libraries/libCVMSPluginSupport.dylib
0x00007fff4c754000 	/System/Library/Frameworks/OpenGL.framework/Versions/A/Libraries/libCoreVMClient.dylib
0x00007fff6d03e000 	/usr/lib/libcups.2.dylib
0x00007fff477d5000 	/System/Library/Frameworks/Kerberos.framework/Versions/A/Kerberos
0x00007fff45d05000 	/System/Library/Frameworks/GSS.framework/Versions/A/GSS
0x00007fff6e751000 	/usr/lib/libresolv.9.dylib
0x00007fff6d230000 	/usr/lib/libiconv.2.dylib
0x00007fff5f69a000 	/System/Library/PrivateFrameworks/Heimdal.framework/Versions/A/Heimdal
0x00007fff6d200000 	/usr/lib/libheimdal-asn1.dylib
0x00007fff4bdf0000 	/System/Library/Frameworks/OpenDirectory.framework/Versions/A/OpenDirectory
0x00007fff56129000 	/System/Library/PrivateFrameworks/CommonAuth.framework/Versions/A/CommonAuth
0x00007fff4bdd4000 	/System/Library/Frameworks/OpenDirectory.framework/Versions/A/Frameworks/CFOpenDirectory.framework/Versions/A/CFOpenDirectory
0x00007fff4ee97000 	/System/Library/Frameworks/SecurityFoundation.framework/Versions/A/SecurityFoundation
0x00007fff5259b000 	/System/Library/PrivateFrameworks/APFS.framework/Versions/A/APFS
0x00007fff6ebb2000 	/usr/lib/libutil.dylib
0x00007fff6c8db000 	/usr/lib/libcharset.1.dylib
0x00007fff53ba0000 	/System/Library/PrivateFrameworks/AppleSauce.framework/Versions/A/AppleSauce
0x00007fff53d21000 	/System/Library/PrivateFrameworks/AssertionServices.framework/Versions/A/AssertionServices
0x00007fff54451000 	/System/Library/PrivateFrameworks/BaseBoard.framework/Versions/A/BaseBoard
0x00007fff6d601000 	/usr/lib/libmecab.1.0.0.dylib
0x00007fff6d1fa000 	/usr/lib/libgermantok.dylib
0x00007fff6c6ab000 	/usr/lib/libThaiTokenizer.dylib
0x00007fff6c156000 	/usr/lib/libChineseTokenizer.dylib
0x00007fff610ca000 	/System/Library/PrivateFrameworks/LanguageModeling.framework/Versions/A/LanguageModeling
0x00007fff56e0b000 	/System/Library/PrivateFrameworks/CoreEmoji.framework/Versions/A/CoreEmoji
0x00007fff611a6000 	/System/Library/PrivateFrameworks/Lexicon.framework/Versions/A/Lexicon
0x00007fff611e9000 	/System/Library/PrivateFrameworks/LinguisticData.framework/Versions/A/LinguisticData
0x00007fff6c8dc000 	/usr/lib/libcmph.dylib
0x00007fff4ef55000 	/System/Library/Frameworks/ServiceManagement.framework/Versions/A/ServiceManagement
0x00007fff543b2000 	/System/Library/PrivateFrameworks/BackgroundTaskManagement.framework/Versions/A/BackgroundTaskManagement
0x00007fff6ecab000 	/usr/lib/libxslt.1.dylib
0x00007fff42bf7000 	/System/Library/Frameworks/Carbon.framework/Versions/A/Frameworks/Ink.framework/Versions/A/Ink
0x00007fff6a1e6000 	/System/Library/PrivateFrameworks/TextureIO.framework/Versions/A/TextureIO
0x00007fff6c6ff000 	/usr/lib/libate.dylib
0x00007fff580ed000 	/System/Library/PrivateFrameworks/CrashReporterSupport.framework/Versions/A/CrashReporterSupport
0x00007fff67920000 	/System/Library/PrivateFrameworks/Sharing.framework/Versions/A/Sharing
0x00007fff54104000 	/System/Library/PrivateFrameworks/AuthKit.framework/Versions/A/AuthKit
0x00007fff53658000 	/System/Library/PrivateFrameworks/Apple80211.framework/Versions/A/Apple80211
0x00007fff57e95000 	/System/Library/PrivateFrameworks/CoreUtils.framework/Versions/A/CoreUtils
0x00007fff45438000 	/System/Library/Frameworks/CoreWLAN.framework/Versions/A/CoreWLAN
0x00007fff45e34000 	/System/Library/Frameworks/IOBluetooth.framework/Versions/A/IOBluetooth
0x00007fff65d94000 	/System/Library/PrivateFrameworks/ProtocolBuffer.framework/Versions/A/ProtocolBuffer
0x00007fff62195000 	/System/Library/PrivateFrameworks/MobileKeyBag.framework/Versions/A/MobileKeyBag
0x00007fff576d9000 	/System/Library/PrivateFrameworks/CorePhoneNumbers.framework/Versions/A/CorePhoneNumbers
0x00007fff538b7000 	/System/Library/PrivateFrameworks/AppleIDAuthSupport.framework/Versions/A/AppleIDAuthSupport
0x00007fff6109d000 	/System/Library/PrivateFrameworks/KeychainCircle.framework/Versions/A/KeychainCircle
0x00007fff65f4a000 	/System/Library/PrivateFrameworks/ROCKit.framework/Versions/A/ROCKit
0x00007fff58089000 	/System/Library/PrivateFrameworks/CoreWiFi.framework/Versions/A/CoreWiFi
0x00007fff431c5000 	/System/Library/Frameworks/CoreBluetooth.framework/Versions/A/CoreBluetooth
0x00007fff582e4000 	/System/Library/PrivateFrameworks/DebugSymbols.framework/Versions/A/DebugSymbols
0x00007fff57c55000 	/System/Library/PrivateFrameworks/CoreSymbolication.framework/Versions/A/CoreSymbolication
0x00007fff69a01000 	/System/Library/PrivateFrameworks/Symbolication.framework/Versions/A/Symbolication
0x00007fff692a4000 	/System/Library/PrivateFrameworks/SpeechRecognitionCore.framework/Versions/A/SpeechRecognitionCore
0x000000010a000000 	/Applications/Android Studio.app/Contents/jre/Contents/Home/lib/server/libjvm.dylib
0x0000000108fae000 	/Applications/Android Studio.app/Contents/jre/Contents/Home/lib/libverify.dylib
0x0000000108fc1000 	/Applications/Android Studio.app/Contents/jre/Contents/Home/lib/libjava.dylib
0x000000010b13b000 	/Applications/Android Studio.app/Contents/jre/Contents/Home/lib/libjimage.dylib
0x000000010b195000 	/Applications/Android Studio.app/Contents/jre/Contents/Home/lib/libzip.dylib
0x0000000115482000 	/Applications/Android Studio.app/Contents/jre/Contents/Home/lib/libnio.dylib
0x000000011549d000 	/Applications/Android Studio.app/Contents/jre/Contents/Home/lib/./libnet.dylib
0x000000011542f000 	/Users/ahmed/.gradle/native/8bec1ad78214c89d9ad589b4d07fe93259594b29d510b10fafb7a158f7737e5d/osx-amd64/libnative-platform.dylib
0x00000001268e5000 	/Users/ahmed/.gradle/native/53dbd7edfb1c66fb8903c78663c9afc45aea4f116125fa6feffd364cf09443e8/osx-amd64/libnative-platform-file-events.dylib
0x0000000115565000 	/Applications/Android Studio.app/Contents/jre/Contents/Home/lib/libmanagement.dylib
0x0000000126690000 	/Applications/Android Studio.app/Contents/jre/Contents/Home/lib/libmanagement_ext.dylib
0x000000012677a000 	/Applications/Android Studio.app/Contents/jre/Contents/Home/lib/libextnet.dylib


VM Arguments:
jvm_args: --add-opens=java.base/java.util=ALL-UNNAMED --add-opens=java.base/java.lang=ALL-UNNAMED --add-opens=java.base/java.lang.invoke=ALL-UNNAMED --add-opens=java.base/java.util=ALL-UNNAMED --add-opens=java.prefs/java.util.prefs=ALL-UNNAMED --add-opens=java.prefs/java.util.prefs=ALL-UNNAMED --add-opens=java.base/java.nio.charset=ALL-UNNAMED --add-opens=java.base/java.net=ALL-UNNAMED --add-opens=java.base/java.util.concurrent.atomic=ALL-UNNAMED -Xmx2048m -Dfile.encoding=UTF-8 -Duser.country=SA -Duser.language=en -Duser.variant 
java_command: org.gradle.launcher.daemon.bootstrap.GradleDaemon 7.0.2
java_class_path (initial): /Users/ahmed/.gradle/wrapper/dists/gradle-7.0.2-bin/857tjihv64xamwrf0h14cai3r/gradle-7.0.2/lib/gradle-launcher-7.0.2.jar
Launcher Type: SUN_STANDARD

[Global flags]
     intx CICompilerCount                          = 4                                         {product} {ergonomic}
     uint ConcGCThreads                            = 2                                         {product} {ergonomic}
     uint G1ConcRefinementThreads                  = 8                                         {product} {ergonomic}
   size_t G1HeapRegionSize                         = 1048576                                   {product} {ergonomic}
    uintx GCDrainStackTargetSize                   = 64                                        {product} {ergonomic}
   size_t InitialHeapSize                          = 268435456                                 {product} {ergonomic}
   size_t MarkStackSize                            = 4194304                                   {product} {ergonomic}
   size_t MaxHeapSize                              = 2147483648                                {product} {command line}
   size_t MaxNewSize                               = 1287651328                                {product} {ergonomic}
   size_t MinHeapDeltaBytes                        = 1048576                                   {product} {ergonomic}
    uintx NonNMethodCodeHeapSize                   = 5836300                                {pd product} {ergonomic}
    uintx NonProfiledCodeHeapSize                  = 122910970                              {pd product} {ergonomic}
    uintx ProfiledCodeHeapSize                     = 122910970                              {pd product} {ergonomic}
    uintx ReservedCodeCacheSize                    = 251658240                              {pd product} {ergonomic}
     bool SegmentedCodeCache                       = true                                      {product} {ergonomic}
     bool UseCompressedClassPointers               = true                                 {lp64_product} {ergonomic}
     bool UseCompressedOops                        = true                                 {lp64_product} {ergonomic}
     bool UseG1GC                                  = true                                      {product} {ergonomic}

Logging:
Log output configuration:
 #0: stdout all=warning uptime,level,tags
 #1: stderr all=off uptime,level,tags

Environment Variables:
PATH=/Library/Frameworks/Python.framework/Versions/3.10/bin:/Library/Frameworks/Python.framework/Versions/3.10/bin:/Library/Frameworks/Python.framework/Versions/3.9/bin:/usr/local/bin:/usr/bin:/bin:/usr/sbin:/sbin:/usr/local/MacGPG2/bin:/Library/Frameworks/Mono.framework/Versions/Current/Commands
SHELL=/bin/bash
LC_CTYPE=en_US.UTF-8

Signal Handlers:
SIGSEGV: [libjvm.dylib+0x78fc66], sa_mask[0]=11111111011111110111111111111111, sa_flags=SA_ONSTACK|SA_RESTART|SA_SIGINFO
SIGBUS: [libjvm.dylib+0x78fc66], sa_mask[0]=11111111011111110111111111111111, sa_flags=SA_RESTART|SA_SIGINFO
SIGFPE: [libjvm.dylib+0x78fc66], sa_mask[0]=11111111011111110111111111111111, sa_flags=SA_RESTART|SA_SIGINFO
SIGPIPE: [libjvm.dylib+0x5feb77], sa_mask[0]=11111111011111110111111111111111, sa_flags=SA_RESTART|SA_SIGINFO
SIGXFSZ: [libjvm.dylib+0x5feb77], sa_mask[0]=11111111011111110111111111111111, sa_flags=SA_RESTART|SA_SIGINFO
SIGILL: [libjvm.dylib+0x78fc66], sa_mask[0]=11111111011111110111111111111111, sa_flags=SA_RESTART|SA_SIGINFO
SIGUSR2: [libjvm.dylib+0x5ff156], sa_mask[0]=00100000000000000000000000000000, sa_flags=SA_RESTART|SA_SIGINFO
SIGHUP: [libjvm.dylib+0x5fdc3f], sa_mask[0]=11111111011111110111111111111111, sa_flags=SA_RESTART|SA_SIGINFO
SIGINT: [libjvm.dylib+0x5fdc3f], sa_mask[0]=11111111011111110111111111111111, sa_flags=SA_RESTART|SA_SIGINFO
SIGTERM: [libjvm.dylib+0x5fdc3f], sa_mask[0]=11111111011111110111111111111111, sa_flags=SA_RESTART|SA_SIGINFO
SIGQUIT: [libjvm.dylib+0x5fdc3f], sa_mask[0]=11111111011111110111111111111111, sa_flags=SA_RESTART|SA_SIGINFO


---------------  S Y S T E M  ---------------

OS:uname:Darwin 18.7.0 Darwin Kernel Version 18.7.0: Thu Jun 20 18:42:21 PDT 2019; root:xnu-4903.270.47~4/RELEASE_X86_64 x86_64
OS uptime: 0 days 18:19 hours
rlimit (soft/hard): STACK 8192k/65532k , CORE 0k/infinity , NPROC 1418/2128 , NOFILE 10240/infinity , AS infinity/infinity , CPU infinity/infinity , DATA infinity/infinity , FSIZE infinity/infinity , MEMLOCK infinity/infinity , RSS infinity/infinity
load average:4.71 4.17 3.95

CPU:total 8 (initial active 8) (4 cores per cpu, 2 threads per core) family 6 model 94 stepping 3 microcode 0xcc, cmov, cx8, fxsr, mmx, sse, sse2, sse3, ssse3, sse4.1, sse4.2, popcnt, avx, avx2, aes, clmul, erms, rtm, 3dnowpref, lzcnt, ht, tsc, tscinvbit, bmi1, bmi2, adx, fma

Memory: 4k page, physical 16777216k(1746636k free), swap 2097152k(629504k free)

vm_info: OpenJDK 64-Bit Server VM (11.0.10+0-b96-7281165) for bsd-amd64 JRE (11.0.10+0-b96-7281165), built on Apr 14 2021 15:20:36 by "builder" with gcc Android (6875598, based on r399163b) Clang 11.0.5 (https://android.googlesource.com/toolchain/llvm-project 87f1315dfbea7c137aa2e6d362dbb457e388158d)

END.
